running egg_info
creating ../../build/calculator_server/calculator_server.egg-info
writing ../../build/calculator_server/calculator_server.egg-info/PKG-INFO
writing dependency_links to ../../build/calculator_server/calculator_server.egg-info/dependency_links.txt
writing entry points to ../../build/calculator_server/calculator_server.egg-info/entry_points.txt
writing requirements to ../../build/calculator_server/calculator_server.egg-info/requires.txt
writing top-level names to ../../build/calculator_server/calculator_server.egg-info/top_level.txt
writing manifest file '../../build/calculator_server/calculator_server.egg-info/SOURCES.txt'
reading manifest file '../../build/calculator_server/calculator_server.egg-info/SOURCES.txt'
writing manifest file '../../build/calculator_server/calculator_server.egg-info/SOURCES.txt'
running build
running build_py
creating /home/mnepraj/ros2_ws/build/calculator_server/build
creating /home/mnepraj/ros2_ws/build/calculator_server/build/lib
creating /home/mnepraj/ros2_ws/build/calculator_server/build/lib/calculator_server
copying calculator_server/calculator_server.py -> /home/mnepraj/ros2_ws/build/calculator_server/build/lib/calculator_server
copying calculator_server/__init__.py -> /home/mnepraj/ros2_ws/build/calculator_server/build/lib/calculator_server
running install
running install_lib
creating /home/mnepraj/ros2_ws/install/calculator_server/lib/python3.12/site-packages/calculator_server
copying /home/mnepraj/ros2_ws/build/calculator_server/build/lib/calculator_server/calculator_server.py -> /home/mnepraj/ros2_ws/install/calculator_server/lib/python3.12/site-packages/calculator_server
copying /home/mnepraj/ros2_ws/build/calculator_server/build/lib/calculator_server/__init__.py -> /home/mnepraj/ros2_ws/install/calculator_server/lib/python3.12/site-packages/calculator_server
byte-compiling /home/mnepraj/ros2_ws/install/calculator_server/lib/python3.12/site-packages/calculator_server/calculator_server.py to calculator_server.cpython-312.pyc
byte-compiling /home/mnepraj/ros2_ws/install/calculator_server/lib/python3.12/site-packages/calculator_server/__init__.py to __init__.cpython-312.pyc
running install_data
creating /home/mnepraj/ros2_ws/install/calculator_server/share/ament_index
creating /home/mnepraj/ros2_ws/install/calculator_server/share/ament_index/resource_index
creating /home/mnepraj/ros2_ws/install/calculator_server/share/ament_index/resource_index/packages
copying resource/calculator_server -> /home/mnepraj/ros2_ws/install/calculator_server/share/ament_index/resource_index/packages
copying package.xml -> /home/mnepraj/ros2_ws/install/calculator_server/share/calculator_server
running install_egg_info
Copying ../../build/calculator_server/calculator_server.egg-info to /home/mnepraj/ros2_ws/install/calculator_server/lib/python3.12/site-packages/calculator_server-0.0.0-py3.12.egg-info
running install_scripts
Installing calculator_server script to /home/mnepraj/ros2_ws/install/calculator_server/lib/calculator_server
writing list of installed files to '/home/mnepraj/ros2_ws/build/calculator_server/install.log'
