[0.106s] DEBUG:colcon:Command line arguments: ['/usr/bin/colcon', 'build', '--packages-select', 'calculator_interfaces']
[0.106s] DEBUG:colcon:Parsed command line arguments: Namespace(log_base=None, log_level=None, verb_name='build', build_base='build', install_base='install', merge_install=False, symlink_install=False, test_result_base=None, continue_on_error=False, executor='parallel', parallel_workers=12, event_handlers=None, ignore_user_meta=False, metas=['./colcon.meta'], base_paths=['.'], packages_ignore=None, packages_ignore_regex=None, paths=None, packages_up_to=None, packages_up_to_regex=None, packages_above=None, packages_above_and_dependencies=None, packages_above_depth=None, packages_select_by_dep=None, packages_skip_by_dep=None, packages_skip_up_to=None, packages_select_build_failed=False, packages_skip_build_finished=False, packages_select_test_failures=False, packages_skip_test_passed=False, packages_select=['calculator_interfaces'], packages_skip=None, packages_select_regex=None, packages_skip_regex=None, packages_start=None, packages_end=None, cmake_args=None, cmake_target=None, cmake_target_skip_unavailable=False, cmake_clean_cache=False, cmake_clean_first=False, cmake_force_configure=False, ament_cmake_args=None, catkin_cmake_args=None, catkin_skip_building_tests=False, verb_parser=<colcon_defaults.argument_parser.defaults.DefaultArgumentsDecorator object at 0x7f22db5e5700>, verb_extension=<colcon_core.verb.build.BuildVerb object at 0x7f22db5e55e0>, main=<bound method BuildVerb.main of <colcon_core.verb.build.BuildVerb object at 0x7f22db5e55e0>>)
[0.146s] Level 1:colcon.colcon_core.package_discovery:discover_packages(colcon_meta) check parameters
[0.146s] Level 1:colcon.colcon_core.package_discovery:discover_packages(recursive) check parameters
[0.146s] Level 1:colcon.colcon_core.package_discovery:discover_packages(ignore) check parameters
[0.146s] Level 1:colcon.colcon_core.package_discovery:discover_packages(path) check parameters
[0.146s] Level 1:colcon.colcon_core.package_discovery:discover_packages(colcon_meta) discover
[0.147s] Level 1:colcon.colcon_core.package_discovery:discover_packages(recursive) discover
[0.147s] INFO:colcon.colcon_core.package_discovery:Crawling recursively for packages in '/home/mnepraj/ros2_ws'
[0.147s] Level 1:colcon.colcon_core.package_identification:_identify(.) by extensions ['ignore', 'ignore_ament_install']
[0.147s] Level 1:colcon.colcon_core.package_identification:_identify(.) by extension 'ignore'
[0.147s] Level 1:colcon.colcon_core.package_identification:_identify(.) by extension 'ignore_ament_install'
[0.147s] Level 1:colcon.colcon_core.package_identification:_identify(.) by extensions ['colcon_pkg']
[0.147s] Level 1:colcon.colcon_core.package_identification:_identify(.) by extension 'colcon_pkg'
[0.147s] Level 1:colcon.colcon_core.package_identification:_identify(.) by extensions ['colcon_meta']
[0.147s] Level 1:colcon.colcon_core.package_identification:_identify(.) by extension 'colcon_meta'
[0.147s] Level 1:colcon.colcon_core.package_identification:_identify(.) by extensions ['ros']
[0.147s] Level 1:colcon.colcon_core.package_identification:_identify(.) by extension 'ros'
[0.176s] Level 1:colcon.colcon_core.package_identification:_identify(.) by extensions ['cmake', 'python']
[0.176s] Level 1:colcon.colcon_core.package_identification:_identify(.) by extension 'cmake'
[0.176s] Level 1:colcon.colcon_core.package_identification:_identify(.) by extension 'python'
[0.176s] Level 1:colcon.colcon_core.package_identification:_identify(.) by extensions ['python_setup_py']
[0.176s] Level 1:colcon.colcon_core.package_identification:_identify(.) by extension 'python_setup_py'
[0.176s] Level 1:colcon.colcon_core.package_identification:_identify(build) by extensions ['ignore', 'ignore_ament_install']
[0.177s] Level 1:colcon.colcon_core.package_identification:_identify(build) by extension 'ignore'
[0.177s] Level 1:colcon.colcon_core.package_identification:_identify(build) ignored
[0.177s] Level 1:colcon.colcon_core.package_identification:_identify(install) by extensions ['ignore', 'ignore_ament_install']
[0.177s] Level 1:colcon.colcon_core.package_identification:_identify(install) by extension 'ignore'
[0.177s] Level 1:colcon.colcon_core.package_identification:_identify(install) ignored
[0.177s] Level 1:colcon.colcon_core.package_identification:_identify(log) by extensions ['ignore', 'ignore_ament_install']
[0.177s] Level 1:colcon.colcon_core.package_identification:_identify(log) by extension 'ignore'
[0.177s] Level 1:colcon.colcon_core.package_identification:_identify(log) ignored
[0.177s] Level 1:colcon.colcon_core.package_identification:_identify(src) by extensions ['ignore', 'ignore_ament_install']
[0.177s] Level 1:colcon.colcon_core.package_identification:_identify(src) by extension 'ignore'
[0.177s] Level 1:colcon.colcon_core.package_identification:_identify(src) by extension 'ignore_ament_install'
[0.177s] Level 1:colcon.colcon_core.package_identification:_identify(src) by extensions ['colcon_pkg']
[0.177s] Level 1:colcon.colcon_core.package_identification:_identify(src) by extension 'colcon_pkg'
[0.177s] Level 1:colcon.colcon_core.package_identification:_identify(src) by extensions ['colcon_meta']
[0.177s] Level 1:colcon.colcon_core.package_identification:_identify(src) by extension 'colcon_meta'
[0.177s] Level 1:colcon.colcon_core.package_identification:_identify(src) by extensions ['ros']
[0.177s] Level 1:colcon.colcon_core.package_identification:_identify(src) by extension 'ros'
[0.178s] Level 1:colcon.colcon_core.package_identification:_identify(src) by extensions ['cmake', 'python']
[0.178s] Level 1:colcon.colcon_core.package_identification:_identify(src) by extension 'cmake'
[0.178s] Level 1:colcon.colcon_core.package_identification:_identify(src) by extension 'python'
[0.178s] Level 1:colcon.colcon_core.package_identification:_identify(src) by extensions ['python_setup_py']
[0.178s] Level 1:colcon.colcon_core.package_identification:_identify(src) by extension 'python_setup_py'
[0.178s] Level 1:colcon.colcon_core.package_identification:_identify(src/calculator_client) by extensions ['ignore', 'ignore_ament_install']
[0.178s] Level 1:colcon.colcon_core.package_identification:_identify(src/calculator_client) by extension 'ignore'
[0.178s] Level 1:colcon.colcon_core.package_identification:_identify(src/calculator_client) by extension 'ignore_ament_install'
[0.178s] Level 1:colcon.colcon_core.package_identification:_identify(src/calculator_client) by extensions ['colcon_pkg']
[0.178s] Level 1:colcon.colcon_core.package_identification:_identify(src/calculator_client) by extension 'colcon_pkg'
[0.178s] Level 1:colcon.colcon_core.package_identification:_identify(src/calculator_client) by extensions ['colcon_meta']
[0.178s] Level 1:colcon.colcon_core.package_identification:_identify(src/calculator_client) by extension 'colcon_meta'
[0.178s] Level 1:colcon.colcon_core.package_identification:_identify(src/calculator_client) by extensions ['ros']
[0.178s] Level 1:colcon.colcon_core.package_identification:_identify(src/calculator_client) by extension 'ros'
[0.181s] DEBUG:colcon.colcon_core.package_identification:Package 'src/calculator_client' with type 'ros.ament_python' and name 'calculator_client'
[0.181s] Level 1:colcon.colcon_core.package_identification:_identify(src/calculator_interfaces) by extensions ['ignore', 'ignore_ament_install']
[0.181s] Level 1:colcon.colcon_core.package_identification:_identify(src/calculator_interfaces) by extension 'ignore'
[0.181s] Level 1:colcon.colcon_core.package_identification:_identify(src/calculator_interfaces) by extension 'ignore_ament_install'
[0.181s] Level 1:colcon.colcon_core.package_identification:_identify(src/calculator_interfaces) by extensions ['colcon_pkg']
[0.181s] Level 1:colcon.colcon_core.package_identification:_identify(src/calculator_interfaces) by extension 'colcon_pkg'
[0.181s] Level 1:colcon.colcon_core.package_identification:_identify(src/calculator_interfaces) by extensions ['colcon_meta']
[0.181s] Level 1:colcon.colcon_core.package_identification:_identify(src/calculator_interfaces) by extension 'colcon_meta'
[0.181s] Level 1:colcon.colcon_core.package_identification:_identify(src/calculator_interfaces) by extensions ['ros']
[0.181s] Level 1:colcon.colcon_core.package_identification:_identify(src/calculator_interfaces) by extension 'ros'
[0.182s] DEBUG:colcon.colcon_core.package_identification:Package 'src/calculator_interfaces' with type 'ros.catkin' and name 'calculator_interfaces'
[0.182s] Level 1:colcon.colcon_core.package_identification:_identify(src/calculator_server) by extensions ['ignore', 'ignore_ament_install']
[0.182s] Level 1:colcon.colcon_core.package_identification:_identify(src/calculator_server) by extension 'ignore'
[0.182s] Level 1:colcon.colcon_core.package_identification:_identify(src/calculator_server) by extension 'ignore_ament_install'
[0.182s] Level 1:colcon.colcon_core.package_identification:_identify(src/calculator_server) by extensions ['colcon_pkg']
[0.182s] Level 1:colcon.colcon_core.package_identification:_identify(src/calculator_server) by extension 'colcon_pkg'
[0.182s] Level 1:colcon.colcon_core.package_identification:_identify(src/calculator_server) by extensions ['colcon_meta']
[0.182s] Level 1:colcon.colcon_core.package_identification:_identify(src/calculator_server) by extension 'colcon_meta'
[0.182s] Level 1:colcon.colcon_core.package_identification:_identify(src/calculator_server) by extensions ['ros']
[0.182s] Level 1:colcon.colcon_core.package_identification:_identify(src/calculator_server) by extension 'ros'
[0.183s] DEBUG:colcon.colcon_core.package_identification:Package 'src/calculator_server' with type 'ros.ament_python' and name 'calculator_server'
[0.183s] Level 1:colcon.colcon_core.package_identification:_identify(src/sensor_data_pkg) by extensions ['ignore', 'ignore_ament_install']
[0.183s] Level 1:colcon.colcon_core.package_identification:_identify(src/sensor_data_pkg) by extension 'ignore'
[0.183s] Level 1:colcon.colcon_core.package_identification:_identify(src/sensor_data_pkg) by extension 'ignore_ament_install'
[0.183s] Level 1:colcon.colcon_core.package_identification:_identify(src/sensor_data_pkg) by extensions ['colcon_pkg']
[0.183s] Level 1:colcon.colcon_core.package_identification:_identify(src/sensor_data_pkg) by extension 'colcon_pkg'
[0.183s] Level 1:colcon.colcon_core.package_identification:_identify(src/sensor_data_pkg) by extensions ['colcon_meta']
[0.183s] Level 1:colcon.colcon_core.package_identification:_identify(src/sensor_data_pkg) by extension 'colcon_meta'
[0.183s] Level 1:colcon.colcon_core.package_identification:_identify(src/sensor_data_pkg) by extensions ['ros']
[0.183s] Level 1:colcon.colcon_core.package_identification:_identify(src/sensor_data_pkg) by extension 'ros'
[0.183s] DEBUG:colcon.colcon_core.package_identification:Package 'src/sensor_data_pkg' with type 'ros.ament_python' and name 'sensor_data_pkg'
[0.184s] Level 1:colcon.colcon_core.package_discovery:discover_packages(recursive) using defaults
[0.184s] Level 1:colcon.colcon_core.package_discovery:discover_packages(ignore) discover
[0.184s] Level 1:colcon.colcon_core.package_discovery:discover_packages(ignore) using defaults
[0.184s] Level 1:colcon.colcon_core.package_discovery:discover_packages(path) discover
[0.184s] Level 1:colcon.colcon_core.package_discovery:discover_packages(path) using defaults
[0.204s] INFO:colcon.colcon_core.package_selection:Skipping not selected package 'sensor_data_pkg' in 'src/sensor_data_pkg'
[0.205s] INFO:colcon.colcon_core.package_selection:Skipping not selected package 'calculator_client' in 'src/calculator_client'
[0.205s] INFO:colcon.colcon_core.package_selection:Skipping not selected package 'calculator_server' in 'src/calculator_server'
[0.205s] Level 5:colcon.colcon_core.verb:set package 'calculator_interfaces' build argument 'cmake_args' from command line to 'None'
[0.205s] Level 5:colcon.colcon_core.verb:set package 'calculator_interfaces' build argument 'cmake_target' from command line to 'None'
[0.205s] Level 5:colcon.colcon_core.verb:set package 'calculator_interfaces' build argument 'cmake_target_skip_unavailable' from command line to 'False'
[0.205s] Level 5:colcon.colcon_core.verb:set package 'calculator_interfaces' build argument 'cmake_clean_cache' from command line to 'False'
[0.205s] Level 5:colcon.colcon_core.verb:set package 'calculator_interfaces' build argument 'cmake_clean_first' from command line to 'False'
[0.205s] Level 5:colcon.colcon_core.verb:set package 'calculator_interfaces' build argument 'cmake_force_configure' from command line to 'False'
[0.205s] Level 5:colcon.colcon_core.verb:set package 'calculator_interfaces' build argument 'ament_cmake_args' from command line to 'None'
[0.205s] Level 5:colcon.colcon_core.verb:set package 'calculator_interfaces' build argument 'catkin_cmake_args' from command line to 'None'
[0.205s] Level 5:colcon.colcon_core.verb:set package 'calculator_interfaces' build argument 'catkin_skip_building_tests' from command line to 'False'
[0.205s] DEBUG:colcon.colcon_core.verb:Building package 'calculator_interfaces' with the following arguments: {'ament_cmake_args': None, 'build_base': '/home/mnepraj/ros2_ws/build/calculator_interfaces', 'catkin_cmake_args': None, 'catkin_skip_building_tests': False, 'cmake_args': None, 'cmake_clean_cache': False, 'cmake_clean_first': False, 'cmake_force_configure': False, 'cmake_target': None, 'cmake_target_skip_unavailable': False, 'install_base': '/home/mnepraj/ros2_ws/install/calculator_interfaces', 'merge_install': False, 'path': '/home/mnepraj/ros2_ws/src/calculator_interfaces', 'symlink_install': False, 'test_result_base': None}
[0.205s] INFO:colcon.colcon_core.executor:Executing jobs using 'parallel' executor
[0.206s] DEBUG:colcon.colcon_parallel_executor.executor.parallel:run_until_complete
[0.207s] INFO:colcon.colcon_ros.task.catkin.build:Building ROS package in '/home/mnepraj/ros2_ws/src/calculator_interfaces' with build type 'catkin'
[0.207s] INFO:colcon.colcon_cmake.task.cmake.build:Building CMake package in '/home/mnepraj/ros2_ws/src/calculator_interfaces'
[0.209s] INFO:colcon.colcon_core.plugin_system:Skipping extension 'colcon_core.shell.bat': Not used on non-Windows systems
[0.209s] DEBUG:colcon.colcon_core.shell:Skip shell extension 'dsv' for command environment
[0.210s] WARNING:colcon.colcon_ros.prefix_path.ament:The path '/home/mnepraj/ros2_ws/install/calculator_server' in the environment variable AMENT_PREFIX_PATH doesn't exist
[0.210s] WARNING:colcon.colcon_ros.prefix_path.ament:The path '/home/mnepraj/ros2_ws/install/calculator_client' in the environment variable AMENT_PREFIX_PATH doesn't exist
[0.210s] WARNING:colcon.colcon_ros.prefix_path.ament:The path '/home/mnepraj/ros2_ws/install/calculator_interfaces' in the environment variable AMENT_PREFIX_PATH doesn't exist
[0.210s] WARNING:colcon.colcon_ros.prefix_path.ament:The path '/home/mnepraj/ros2_ws/install/sensor_data_pkg' in the environment variable AMENT_PREFIX_PATH doesn't exist
[0.222s] DEBUG:colcon.colcon_core.event_handler.log_command:Invoking command in '/home/mnepraj/ros2_ws/build/calculator_interfaces': DEBUGINFOD_URLS=https://debuginfod.ubuntu.com /usr/bin/cmake /home/mnepraj/ros2_ws/src/calculator_interfaces -DCATKIN_INSTALL_INTO_PREFIX_ROOT=0 -DCMAKE_INSTALL_PREFIX=/home/mnepraj/ros2_ws/install/calculator_interfaces
[4.633s] DEBUG:colcon.colcon_core.event_handler.log_command:Invoked command in '/home/mnepraj/ros2_ws/build/calculator_interfaces' returned '0': DEBUGINFOD_URLS=https://debuginfod.ubuntu.com /usr/bin/cmake /home/mnepraj/ros2_ws/src/calculator_interfaces -DCATKIN_INSTALL_INTO_PREFIX_ROOT=0 -DCMAKE_INSTALL_PREFIX=/home/mnepraj/ros2_ws/install/calculator_interfaces
[4.634s] DEBUG:colcon.colcon_core.event_handler.log_command:Invoking command in '/home/mnepraj/ros2_ws/build/calculator_interfaces': DEBUGINFOD_URLS=https://debuginfod.ubuntu.com /usr/bin/cmake --build /home/mnepraj/ros2_ws/build/calculator_interfaces -- -j12 -l12
[8.468s] DEBUG:colcon.colcon_core.event_handler.log_command:Invoked command in '/home/mnepraj/ros2_ws/build/calculator_interfaces' returned '0': DEBUGINFOD_URLS=https://debuginfod.ubuntu.com /usr/bin/cmake --build /home/mnepraj/ros2_ws/build/calculator_interfaces -- -j12 -l12
[8.665s] DEBUG:colcon.colcon_core.event_handler.log_command:Invoking command in '/home/mnepraj/ros2_ws/build/calculator_interfaces': DEBUGINFOD_URLS=https://debuginfod.ubuntu.com /usr/bin/cmake --install /home/mnepraj/ros2_ws/build/calculator_interfaces
[8.766s] DEBUG:colcon.colcon_core.event_handler.log_command:Invoked command in '/home/mnepraj/ros2_ws/build/calculator_interfaces' returned '0': DEBUGINFOD_URLS=https://debuginfod.ubuntu.com /usr/bin/cmake --install /home/mnepraj/ros2_ws/build/calculator_interfaces
[8.854s] Level 1:colcon.colcon_core.shell:create_environment_hook('calculator_interfaces', 'ros_package_path')
[8.854s] INFO:colcon.colcon_core.shell:Creating environment descriptor '/home/mnepraj/ros2_ws/install/calculator_interfaces/share/calculator_interfaces/hook/ros_package_path.dsv'
[8.855s] INFO:colcon.colcon_core.shell:Creating environment hook '/home/mnepraj/ros2_ws/install/calculator_interfaces/share/calculator_interfaces/hook/ros_package_path.sh'
[8.856s] Level 1:colcon.colcon_ros.task.catkin:checking '/home/mnepraj/ros2_ws/install/calculator_interfaces/lib/python3.12/site-packages'
[8.856s] Level 1:colcon.colcon_core.shell:create_environment_hook('calculator_interfaces', 'catkin_pythonpath')
[8.856s] INFO:colcon.colcon_core.shell:Creating environment descriptor '/home/mnepraj/ros2_ws/install/calculator_interfaces/share/calculator_interfaces/hook/catkin_pythonpath.dsv'
[8.857s] INFO:colcon.colcon_core.shell:Creating environment hook '/home/mnepraj/ros2_ws/install/calculator_interfaces/share/calculator_interfaces/hook/catkin_pythonpath.sh'
[8.857s] Level 1:colcon.colcon_core.shell:create_environment_hook('calculator_interfaces', 'pkg_config_path')
[8.857s] INFO:colcon.colcon_core.shell:Creating environment descriptor '/home/mnepraj/ros2_ws/install/calculator_interfaces/share/calculator_interfaces/hook/pkg_config_path.dsv'
[8.857s] INFO:colcon.colcon_core.shell:Creating environment hook '/home/mnepraj/ros2_ws/install/calculator_interfaces/share/calculator_interfaces/hook/pkg_config_path.sh'
[8.860s] Level 1:colcon.colcon_core.shell:create_environment_hook('calculator_interfaces', 'pkg_config_path_multiarch')
[8.860s] INFO:colcon.colcon_core.shell:Creating environment descriptor '/home/mnepraj/ros2_ws/install/calculator_interfaces/share/calculator_interfaces/hook/pkg_config_path_multiarch.dsv'
[8.861s] INFO:colcon.colcon_core.shell:Creating environment hook '/home/mnepraj/ros2_ws/install/calculator_interfaces/share/calculator_interfaces/hook/pkg_config_path_multiarch.sh'
[8.862s] Level 1:colcon.colcon_core.environment:create_environment_scripts_only(calculator_interfaces)
[8.864s] Level 1:colcon.colcon_core.environment:checking '/home/mnepraj/ros2_ws/install/calculator_interfaces' for CMake module files
[8.865s] Level 1:colcon.colcon_core.environment:checking '/home/mnepraj/ros2_ws/install/calculator_interfaces' for CMake config files
[8.865s] Level 1:colcon.colcon_core.shell:create_environment_hook('calculator_interfaces', 'cmake_prefix_path')
[8.865s] INFO:colcon.colcon_core.shell:Creating environment descriptor '/home/mnepraj/ros2_ws/install/calculator_interfaces/share/calculator_interfaces/hook/cmake_prefix_path.dsv'
[8.866s] INFO:colcon.colcon_core.shell:Creating environment hook '/home/mnepraj/ros2_ws/install/calculator_interfaces/share/calculator_interfaces/hook/cmake_prefix_path.sh'
[8.867s] Level 1:colcon.colcon_core.environment:checking '/home/mnepraj/ros2_ws/install/calculator_interfaces/lib'
[8.867s] Level 1:colcon.colcon_core.shell:create_environment_hook('calculator_interfaces', 'ld_library_path_lib')
[8.867s] INFO:colcon.colcon_core.shell:Creating environment descriptor '/home/mnepraj/ros2_ws/install/calculator_interfaces/share/calculator_interfaces/hook/ld_library_path_lib.dsv'
[8.867s] INFO:colcon.colcon_core.shell:Creating environment hook '/home/mnepraj/ros2_ws/install/calculator_interfaces/share/calculator_interfaces/hook/ld_library_path_lib.sh'
[8.868s] Level 1:colcon.colcon_core.environment:checking '/home/mnepraj/ros2_ws/install/calculator_interfaces/bin'
[8.868s] Level 1:colcon.colcon_core.environment:checking '/home/mnepraj/ros2_ws/install/calculator_interfaces/lib/pkgconfig/calculator_interfaces.pc'
[8.871s] Level 1:colcon.colcon_core.environment:checking '/home/mnepraj/ros2_ws/install/calculator_interfaces/lib/python3.12/site-packages'
[8.871s] Level 1:colcon.colcon_core.shell:create_environment_hook('calculator_interfaces', 'pythonpath')
[8.871s] INFO:colcon.colcon_core.shell:Creating environment descriptor '/home/mnepraj/ros2_ws/install/calculator_interfaces/share/calculator_interfaces/hook/pythonpath.dsv'
[8.871s] INFO:colcon.colcon_core.shell:Creating environment hook '/home/mnepraj/ros2_ws/install/calculator_interfaces/share/calculator_interfaces/hook/pythonpath.sh'
[8.872s] Level 1:colcon.colcon_core.environment:checking '/home/mnepraj/ros2_ws/install/calculator_interfaces/bin'
[8.872s] INFO:colcon.colcon_core.shell:Creating package descriptor '/home/mnepraj/ros2_ws/install/calculator_interfaces/share/calculator_interfaces/package.dsv'
[8.873s] INFO:colcon.colcon_core.shell:Creating package script '/home/mnepraj/ros2_ws/install/calculator_interfaces/share/calculator_interfaces/package.sh'
[8.874s] INFO:colcon.colcon_core.shell:Creating package script '/home/mnepraj/ros2_ws/install/calculator_interfaces/share/calculator_interfaces/package.bash'
[8.875s] INFO:colcon.colcon_core.shell:Creating package script '/home/mnepraj/ros2_ws/install/calculator_interfaces/share/calculator_interfaces/package.zsh'
[8.875s] Level 1:colcon.colcon_core.environment:create_file_with_runtime_dependencies(/home/mnepraj/ros2_ws/install/calculator_interfaces/share/colcon-core/packages/calculator_interfaces)
[8.876s] DEBUG:colcon.colcon_parallel_executor.executor.parallel:closing loop
[8.876s] DEBUG:colcon.colcon_parallel_executor.executor.parallel:loop closed
[8.876s] DEBUG:colcon.colcon_parallel_executor.executor.parallel:run_until_complete finished with '0'
[8.876s] DEBUG:colcon.colcon_core.event_reactor:joining thread
[8.887s] INFO:colcon.colcon_core.plugin_system:Skipping extension 'colcon_notification.desktop_notification.terminal_notifier': Not used on non-Darwin systems
[8.887s] INFO:colcon.colcon_core.plugin_system:Skipping extension 'colcon_notification.desktop_notification.win32': Not used on non-Windows systems
[8.887s] INFO:colcon.colcon_notification.desktop_notification:Sending desktop notification using 'notify2'
[8.912s] DEBUG:colcon.colcon_core.event_reactor:joined thread
[8.913s] INFO:colcon.colcon_core.shell:Creating prefix script '/home/mnepraj/ros2_ws/install/local_setup.sh'
[8.913s] INFO:colcon.colcon_core.shell:Creating prefix util module '/home/mnepraj/ros2_ws/install/_local_setup_util_sh.py'
[8.915s] INFO:colcon.colcon_core.shell:Creating prefix chain script '/home/mnepraj/ros2_ws/install/setup.sh'
[8.916s] INFO:colcon.colcon_core.shell:Creating prefix script '/home/mnepraj/ros2_ws/install/local_setup.bash'
[8.916s] INFO:colcon.colcon_core.shell:Creating prefix chain script '/home/mnepraj/ros2_ws/install/setup.bash'
[8.917s] INFO:colcon.colcon_core.shell:Creating prefix script '/home/mnepraj/ros2_ws/install/local_setup.zsh'
[8.918s] INFO:colcon.colcon_core.shell:Creating prefix chain script '/home/mnepraj/ros2_ws/install/setup.zsh'
