-- The C compiler identification is GNU 13.2.0
-- The CXX compiler identification is GNU 13.2.0
-- Detecting C compiler ABI info
-- Detecting C compiler ABI info - done
-- Check for working C compiler: /usr/bin/cc - skipped
-- Detecting C compile features
-- Detecting C compile features - done
-- Detecting CXX compiler ABI info
-- Detecting CXX compiler ABI info - done
-- Check for working CXX compiler: /usr/bin/c++ - skipped
-- Detecting CXX compile features
-- Detecting CXX compile features - done
-- Found ament_cmake: 2.5.0 (/opt/ros/jazzy/share/ament_cmake/cmake)
-- Found Python3: /usr/bin/python3 (found version "3.12.3") found components: Interpreter 
-- Found rosidl_default_generators: 1.6.0 (/opt/ros/jazzy/share/rosidl_default_generators/cmake)
-- Using all available rosidl_typesupport_c: rosidl_typesupport_fastrtps_c;rosidl_typesupport_introspection_c
-- Using all available rosidl_typesupport_cpp: rosidl_typesupport_fastrtps_cpp;rosidl_typesupport_introspection_cpp
-- Found rosidl_adapter: 4.6.2 (/opt/ros/jazzy/share/rosidl_adapter/cmake)
-- Found ament_cmake_ros: 0.12.0 (/opt/ros/jazzy/share/ament_cmake_ros/cmake)
-- Using all available rosidl_typesupport_c: rosidl_typesupport_fastrtps_c;rosidl_typesupport_introspection_c
-- Using all available rosidl_typesupport_cpp: rosidl_typesupport_fastrtps_cpp;rosidl_typesupport_introspection_cpp
-- Found python_cmake_module: 0.11.1 (/opt/ros/jazzy/share/python_cmake_module/cmake)
-- Found PythonExtra: /usr/bin/python3  
-- Found Python3: /usr/bin/python3 (found version "3.12.3") found components: Interpreter Development NumPy Development.Module Development.Embed 
-- Configuring done (4.3s)
-- Generating done (0.0s)
-- Build files have been written to: /home/mnepraj/ros2_ws/build/calculator_interfaces
[  2%] [34m[1mGenerating type hashes for ROS interfaces[0m
[  2%] Built target ament_cmake_python_copy_calculator_interfaces
[  2%] Built target calculator_interfaces__rosidl_generator_type_description
running egg_info
creating calculator_interfaces.egg-info
[  5%] [34m[1mGenerating C code for ROS interfaces[0m
writing calculator_interfaces.egg-info/PKG-INFO
writing dependency_links to calculator_interfaces.egg-info/dependency_links.txt
writing top-level names to calculator_interfaces.egg-info/top_level.txt
writing manifest file 'calculator_interfaces.egg-info/SOURCES.txt'
[  8%] [34m[1mGenerating C++ code for ROS interfaces[0m
reading manifest file 'calculator_interfaces.egg-info/SOURCES.txt'
writing manifest file 'calculator_interfaces.egg-info/SOURCES.txt'
[  8%] Built target ament_cmake_python_build_calculator_interfaces_egg
[ 17%] [32mBuilding C object CMakeFiles/calculator_interfaces__rosidl_generator_c.dir/rosidl_generator_c/calculator_interfaces/srv/detail/calculator__description.c.o[0m
[ 17%] [32mBuilding C object CMakeFiles/calculator_interfaces__rosidl_generator_c.dir/rosidl_generator_c/calculator_interfaces/srv/detail/calculator__functions.c.o[0m
[ 17%] [32mBuilding C object CMakeFiles/calculator_interfaces__rosidl_generator_c.dir/rosidl_generator_c/calculator_interfaces/srv/detail/calculator__type_support.c.o[0m
[ 17%] Built target calculator_interfaces__cpp
[ 20%] [32m[1mLinking C shared library libcalculator_interfaces__rosidl_generator_c.so[0m
[ 20%] Built target calculator_interfaces__rosidl_generator_c
[ 23%] [34m[1mGenerating C type support for eProsima Fast-RTPS[0m
[ 26%] [34m[1mGenerating C++ introspection for ROS interfaces[0m
[ 29%] [34m[1mGenerating C++ type support for eProsima Fast-RTPS[0m
[ 35%] [34m[1mGenerating C++ type support dispatch for ROS interfaces[0m
[ 35%] [34m[1mGenerating C introspection for ROS interfaces[0m
[ 38%] [34m[1mGenerating C type support dispatch for ROS interfaces[0m
[ 41%] [32mBuilding CXX object CMakeFiles/calculator_interfaces__rosidl_typesupport_cpp.dir/rosidl_typesupport_cpp/calculator_interfaces/srv/calculator__type_support.cpp.o[0m
[ 44%] [32mBuilding CXX object CMakeFiles/calculator_interfaces__rosidl_typesupport_introspection_cpp.dir/rosidl_typesupport_introspection_cpp/calculator_interfaces/srv/detail/calculator__type_support.cpp.o[0m
[ 47%] [32mBuilding C object CMakeFiles/calculator_interfaces__rosidl_typesupport_introspection_c.dir/rosidl_typesupport_introspection_c/calculator_interfaces/srv/detail/calculator__type_support.c.o[0m
[ 50%] [32mBuilding CXX object CMakeFiles/calculator_interfaces__rosidl_typesupport_fastrtps_cpp.dir/rosidl_typesupport_fastrtps_cpp/calculator_interfaces/srv/detail/dds_fastrtps/calculator__type_support.cpp.o[0m
[ 52%] [32m[1mLinking C shared library libcalculator_interfaces__rosidl_typesupport_introspection_c.so[0m
[ 55%] [32mBuilding CXX object CMakeFiles/calculator_interfaces__rosidl_typesupport_c.dir/rosidl_typesupport_c/calculator_interfaces/srv/calculator__type_support.cpp.o[0m
[ 55%] Built target calculator_interfaces__rosidl_typesupport_introspection_c
[ 58%] [32m[1mLinking CXX shared library libcalculator_interfaces__rosidl_typesupport_c.so[0m
[ 58%] Built target calculator_interfaces__rosidl_typesupport_c
[ 61%] [32mBuilding CXX object CMakeFiles/calculator_interfaces__rosidl_typesupport_fastrtps_c.dir/rosidl_typesupport_fastrtps_c/calculator_interfaces/srv/detail/calculator__type_support_c.cpp.o[0m
[ 64%] [32m[1mLinking CXX shared library libcalculator_interfaces__rosidl_typesupport_cpp.so[0m
[ 64%] Built target calculator_interfaces__rosidl_typesupport_cpp
[ 67%] [32m[1mLinking CXX shared library libcalculator_interfaces__rosidl_typesupport_introspection_cpp.so[0m
[ 67%] Built target calculator_interfaces__rosidl_typesupport_introspection_cpp
[ 70%] [32m[1mLinking CXX shared library libcalculator_interfaces__rosidl_typesupport_fastrtps_c.so[0m
[ 70%] Built target calculator_interfaces__rosidl_typesupport_fastrtps_c
[ 73%] [32m[1mLinking CXX shared library libcalculator_interfaces__rosidl_typesupport_fastrtps_cpp.so[0m
[ 73%] Built target calculator_interfaces__rosidl_typesupport_fastrtps_cpp
[ 73%] Built target calculator_interfaces
[ 76%] [34m[1mGenerating Python code for ROS interfaces[0m
[ 76%] Built target calculator_interfaces__py
[ 79%] [32mBuilding C object CMakeFiles/calculator_interfaces__rosidl_generator_py.dir/rosidl_generator_py/calculator_interfaces/srv/_calculator_s.c.o[0m
[ 82%] [32m[1mLinking C shared library libcalculator_interfaces__rosidl_generator_py.so[0m
[ 82%] Built target calculator_interfaces__rosidl_generator_py
[ 85%] [32mBuilding C object CMakeFiles/calculator_interfaces_s__rosidl_typesupport_introspection_c.dir/rosidl_generator_py/calculator_interfaces/_calculator_interfaces_s.ep.rosidl_typesupport_introspection_c.c.o[0m
[ 91%] [32mBuilding C object CMakeFiles/calculator_interfaces_s__rosidl_typesupport_fastrtps_c.dir/rosidl_generator_py/calculator_interfaces/_calculator_interfaces_s.ep.rosidl_typesupport_fastrtps_c.c.o[0m
[ 91%] [32mBuilding C object CMakeFiles/calculator_interfaces_s__rosidl_typesupport_c.dir/rosidl_generator_py/calculator_interfaces/_calculator_interfaces_s.ep.rosidl_typesupport_c.c.o[0m
[ 94%] [32m[1mLinking C shared module rosidl_generator_py/calculator_interfaces/calculator_interfaces_s__rosidl_typesupport_c.so[0m
[ 97%] [32m[1mLinking C shared module rosidl_generator_py/calculator_interfaces/calculator_interfaces_s__rosidl_typesupport_fastrtps_c.so[0m
[ 97%] Built target calculator_interfaces_s__rosidl_typesupport_fastrtps_c
[ 97%] Built target calculator_interfaces_s__rosidl_typesupport_c
[100%] [32m[1mLinking C shared module rosidl_generator_py/calculator_interfaces/calculator_interfaces_s__rosidl_typesupport_introspection_c.so[0m
[100%] Built target calculator_interfaces_s__rosidl_typesupport_introspection_c
-- Install configuration: ""
-- Installing: /home/mnepraj/ros2_ws/install/calculator_interfaces/share/ament_index/resource_index/rosidl_interfaces/calculator_interfaces
-- Installing: /home/mnepraj/ros2_ws/install/calculator_interfaces/share/calculator_interfaces/srv/Calculator.json
-- Installing: /home/mnepraj/ros2_ws/install/calculator_interfaces/include/calculator_interfaces/calculator_interfaces
-- Installing: /home/mnepraj/ros2_ws/install/calculator_interfaces/include/calculator_interfaces/calculator_interfaces/srv
-- Installing: /home/mnepraj/ros2_ws/install/calculator_interfaces/include/calculator_interfaces/calculator_interfaces/srv/calculator.h
-- Installing: /home/mnepraj/ros2_ws/install/calculator_interfaces/include/calculator_interfaces/calculator_interfaces/srv/detail
-- Installing: /home/mnepraj/ros2_ws/install/calculator_interfaces/include/calculator_interfaces/calculator_interfaces/srv/detail/calculator__description.c
-- Installing: /home/mnepraj/ros2_ws/install/calculator_interfaces/include/calculator_interfaces/calculator_interfaces/srv/detail/calculator__type_support.c
-- Installing: /home/mnepraj/ros2_ws/install/calculator_interfaces/include/calculator_interfaces/calculator_interfaces/srv/detail/calculator__struct.h
-- Installing: /home/mnepraj/ros2_ws/install/calculator_interfaces/include/calculator_interfaces/calculator_interfaces/srv/detail/calculator__type_support.h
-- Installing: /home/mnepraj/ros2_ws/install/calculator_interfaces/include/calculator_interfaces/calculator_interfaces/srv/detail/calculator__functions.h
-- Installing: /home/mnepraj/ros2_ws/install/calculator_interfaces/include/calculator_interfaces/calculator_interfaces/srv/detail/calculator__functions.c
-- Installing: /home/mnepraj/ros2_ws/install/calculator_interfaces/include/calculator_interfaces/calculator_interfaces/msg
-- Installing: /home/mnepraj/ros2_ws/install/calculator_interfaces/include/calculator_interfaces/calculator_interfaces/msg/rosidl_generator_c__visibility_control.h
-- Installing: /home/mnepraj/ros2_ws/install/calculator_interfaces/share/calculator_interfaces/environment/library_path.sh
-- Installing: /home/mnepraj/ros2_ws/install/calculator_interfaces/share/calculator_interfaces/environment/library_path.dsv
-- Installing: /home/mnepraj/ros2_ws/install/calculator_interfaces/lib/libcalculator_interfaces__rosidl_generator_c.so
-- Set non-toolchain portion of runtime path of "/home/mnepraj/ros2_ws/install/calculator_interfaces/lib/libcalculator_interfaces__rosidl_generator_c.so" to ""
-- Up-to-date: /home/mnepraj/ros2_ws/install/calculator_interfaces/include/calculator_interfaces/calculator_interfaces
-- Up-to-date: /home/mnepraj/ros2_ws/install/calculator_interfaces/include/calculator_interfaces/calculator_interfaces/srv
-- Up-to-date: /home/mnepraj/ros2_ws/install/calculator_interfaces/include/calculator_interfaces/calculator_interfaces/srv/detail
-- Installing: /home/mnepraj/ros2_ws/install/calculator_interfaces/include/calculator_interfaces/calculator_interfaces/srv/detail/calculator__rosidl_typesupport_fastrtps_c.h
-- Up-to-date: /home/mnepraj/ros2_ws/install/calculator_interfaces/include/calculator_interfaces/calculator_interfaces/msg
-- Installing: /home/mnepraj/ros2_ws/install/calculator_interfaces/include/calculator_interfaces/calculator_interfaces/msg/rosidl_typesupport_fastrtps_c__visibility_control.h
-- Installing: /home/mnepraj/ros2_ws/install/calculator_interfaces/lib/libcalculator_interfaces__rosidl_typesupport_fastrtps_c.so
-- Set non-toolchain portion of runtime path of "/home/mnepraj/ros2_ws/install/calculator_interfaces/lib/libcalculator_interfaces__rosidl_typesupport_fastrtps_c.so" to ""
-- Up-to-date: /home/mnepraj/ros2_ws/install/calculator_interfaces/include/calculator_interfaces/calculator_interfaces
-- Up-to-date: /home/mnepraj/ros2_ws/install/calculator_interfaces/include/calculator_interfaces/calculator_interfaces/srv
-- Up-to-date: /home/mnepraj/ros2_ws/install/calculator_interfaces/include/calculator_interfaces/calculator_interfaces/srv/detail
-- Up-to-date: /home/mnepraj/ros2_ws/install/calculator_interfaces/include/calculator_interfaces/calculator_interfaces/srv/detail/calculator__type_support.c
-- Installing: /home/mnepraj/ros2_ws/install/calculator_interfaces/include/calculator_interfaces/calculator_interfaces/srv/detail/calculator__rosidl_typesupport_introspection_c.h
-- Up-to-date: /home/mnepraj/ros2_ws/install/calculator_interfaces/include/calculator_interfaces/calculator_interfaces/msg
-- Installing: /home/mnepraj/ros2_ws/install/calculator_interfaces/include/calculator_interfaces/calculator_interfaces/msg/rosidl_typesupport_introspection_c__visibility_control.h
-- Installing: /home/mnepraj/ros2_ws/install/calculator_interfaces/lib/libcalculator_interfaces__rosidl_typesupport_introspection_c.so
-- Set non-toolchain portion of runtime path of "/home/mnepraj/ros2_ws/install/calculator_interfaces/lib/libcalculator_interfaces__rosidl_typesupport_introspection_c.so" to ""
-- Installing: /home/mnepraj/ros2_ws/install/calculator_interfaces/lib/libcalculator_interfaces__rosidl_typesupport_c.so
-- Set non-toolchain portion of runtime path of "/home/mnepraj/ros2_ws/install/calculator_interfaces/lib/libcalculator_interfaces__rosidl_typesupport_c.so" to ""
-- Up-to-date: /home/mnepraj/ros2_ws/install/calculator_interfaces/include/calculator_interfaces/calculator_interfaces
-- Up-to-date: /home/mnepraj/ros2_ws/install/calculator_interfaces/include/calculator_interfaces/calculator_interfaces/srv
-- Installing: /home/mnepraj/ros2_ws/install/calculator_interfaces/include/calculator_interfaces/calculator_interfaces/srv/calculator.hpp
-- Up-to-date: /home/mnepraj/ros2_ws/install/calculator_interfaces/include/calculator_interfaces/calculator_interfaces/srv/detail
-- Installing: /home/mnepraj/ros2_ws/install/calculator_interfaces/include/calculator_interfaces/calculator_interfaces/srv/detail/calculator__traits.hpp
-- Installing: /home/mnepraj/ros2_ws/install/calculator_interfaces/include/calculator_interfaces/calculator_interfaces/srv/detail/calculator__type_support.hpp
-- Installing: /home/mnepraj/ros2_ws/install/calculator_interfaces/include/calculator_interfaces/calculator_interfaces/srv/detail/calculator__builder.hpp
-- Installing: /home/mnepraj/ros2_ws/install/calculator_interfaces/include/calculator_interfaces/calculator_interfaces/srv/detail/calculator__struct.hpp
-- Up-to-date: /home/mnepraj/ros2_ws/install/calculator_interfaces/include/calculator_interfaces/calculator_interfaces/msg
-- Installing: /home/mnepraj/ros2_ws/install/calculator_interfaces/include/calculator_interfaces/calculator_interfaces/msg/rosidl_generator_cpp__visibility_control.hpp
-- Up-to-date: /home/mnepraj/ros2_ws/install/calculator_interfaces/include/calculator_interfaces/calculator_interfaces
-- Up-to-date: /home/mnepraj/ros2_ws/install/calculator_interfaces/include/calculator_interfaces/calculator_interfaces/srv
-- Up-to-date: /home/mnepraj/ros2_ws/install/calculator_interfaces/include/calculator_interfaces/calculator_interfaces/srv/detail
-- Installing: /home/mnepraj/ros2_ws/install/calculator_interfaces/include/calculator_interfaces/calculator_interfaces/srv/detail/calculator__rosidl_typesupport_fastrtps_cpp.hpp
-- Installing: /home/mnepraj/ros2_ws/install/calculator_interfaces/include/calculator_interfaces/calculator_interfaces/srv/detail/dds_fastrtps
-- Up-to-date: /home/mnepraj/ros2_ws/install/calculator_interfaces/include/calculator_interfaces/calculator_interfaces/msg
-- Installing: /home/mnepraj/ros2_ws/install/calculator_interfaces/include/calculator_interfaces/calculator_interfaces/msg/rosidl_typesupport_fastrtps_cpp__visibility_control.h
-- Installing: /home/mnepraj/ros2_ws/install/calculator_interfaces/lib/libcalculator_interfaces__rosidl_typesupport_fastrtps_cpp.so
-- Set non-toolchain portion of runtime path of "/home/mnepraj/ros2_ws/install/calculator_interfaces/lib/libcalculator_interfaces__rosidl_typesupport_fastrtps_cpp.so" to ""
-- Up-to-date: /home/mnepraj/ros2_ws/install/calculator_interfaces/include/calculator_interfaces/calculator_interfaces
-- Up-to-date: /home/mnepraj/ros2_ws/install/calculator_interfaces/include/calculator_interfaces/calculator_interfaces/srv
-- Up-to-date: /home/mnepraj/ros2_ws/install/calculator_interfaces/include/calculator_interfaces/calculator_interfaces/srv/detail
-- Installing: /home/mnepraj/ros2_ws/install/calculator_interfaces/include/calculator_interfaces/calculator_interfaces/srv/detail/calculator__rosidl_typesupport_introspection_cpp.hpp
-- Installing: /home/mnepraj/ros2_ws/install/calculator_interfaces/include/calculator_interfaces/calculator_interfaces/srv/detail/calculator__type_support.cpp
-- Installing: /home/mnepraj/ros2_ws/install/calculator_interfaces/lib/libcalculator_interfaces__rosidl_typesupport_introspection_cpp.so
-- Set non-toolchain portion of runtime path of "/home/mnepraj/ros2_ws/install/calculator_interfaces/lib/libcalculator_interfaces__rosidl_typesupport_introspection_cpp.so" to ""
-- Installing: /home/mnepraj/ros2_ws/install/calculator_interfaces/lib/libcalculator_interfaces__rosidl_typesupport_cpp.so
-- Set non-toolchain portion of runtime path of "/home/mnepraj/ros2_ws/install/calculator_interfaces/lib/libcalculator_interfaces__rosidl_typesupport_cpp.so" to ""
-- Installing: /home/mnepraj/ros2_ws/install/calculator_interfaces/share/calculator_interfaces/environment/pythonpath.sh
-- Installing: /home/mnepraj/ros2_ws/install/calculator_interfaces/share/calculator_interfaces/environment/pythonpath.dsv
-- Installing: /home/mnepraj/ros2_ws/install/calculator_interfaces/lib/python3.12/site-packages/calculator_interfaces-0.0.0-py3.12.egg-info
-- Installing: /home/mnepraj/ros2_ws/install/calculator_interfaces/lib/python3.12/site-packages/calculator_interfaces-0.0.0-py3.12.egg-info/top_level.txt
-- Installing: /home/mnepraj/ros2_ws/install/calculator_interfaces/lib/python3.12/site-packages/calculator_interfaces-0.0.0-py3.12.egg-info/PKG-INFO
-- Installing: /home/mnepraj/ros2_ws/install/calculator_interfaces/lib/python3.12/site-packages/calculator_interfaces-0.0.0-py3.12.egg-info/dependency_links.txt
-- Installing: /home/mnepraj/ros2_ws/install/calculator_interfaces/lib/python3.12/site-packages/calculator_interfaces-0.0.0-py3.12.egg-info/SOURCES.txt
-- Installing: /home/mnepraj/ros2_ws/install/calculator_interfaces/lib/python3.12/site-packages/calculator_interfaces
-- Installing: /home/mnepraj/ros2_ws/install/calculator_interfaces/lib/python3.12/site-packages/calculator_interfaces/_calculator_interfaces_s.ep.rosidl_typesupport_c.c
-- Installing: /home/mnepraj/ros2_ws/install/calculator_interfaces/lib/python3.12/site-packages/calculator_interfaces/srv
-- Installing: /home/mnepraj/ros2_ws/install/calculator_interfaces/lib/python3.12/site-packages/calculator_interfaces/srv/_calculator_s.c
-- Installing: /home/mnepraj/ros2_ws/install/calculator_interfaces/lib/python3.12/site-packages/calculator_interfaces/srv/_calculator.py
-- Installing: /home/mnepraj/ros2_ws/install/calculator_interfaces/lib/python3.12/site-packages/calculator_interfaces/srv/__init__.py
-- Installing: /home/mnepraj/ros2_ws/install/calculator_interfaces/lib/python3.12/site-packages/calculator_interfaces/calculator_interfaces_s__rosidl_typesupport_c.so
-- Installing: /home/mnepraj/ros2_ws/install/calculator_interfaces/lib/python3.12/site-packages/calculator_interfaces/_calculator_interfaces_s.ep.rosidl_typesupport_introspection_c.c
-- Installing: /home/mnepraj/ros2_ws/install/calculator_interfaces/lib/python3.12/site-packages/calculator_interfaces/_calculator_interfaces_s.ep.rosidl_typesupport_fastrtps_c.c
-- Installing: /home/mnepraj/ros2_ws/install/calculator_interfaces/lib/python3.12/site-packages/calculator_interfaces/calculator_interfaces_s__rosidl_typesupport_introspection_c.so
-- Installing: /home/mnepraj/ros2_ws/install/calculator_interfaces/lib/python3.12/site-packages/calculator_interfaces/calculator_interfaces_s__rosidl_typesupport_fastrtps_c.so
-- Installing: /home/mnepraj/ros2_ws/install/calculator_interfaces/lib/python3.12/site-packages/calculator_interfaces/__init__.py
Listing '/home/mnepraj/ros2_ws/install/calculator_interfaces/lib/python3.12/site-packages/calculator_interfaces'...
Compiling '/home/mnepraj/ros2_ws/install/calculator_interfaces/lib/python3.12/site-packages/calculator_interfaces/__init__.py'...
Listing '/home/mnepraj/ros2_ws/install/calculator_interfaces/lib/python3.12/site-packages/calculator_interfaces/srv'...
Compiling '/home/mnepraj/ros2_ws/install/calculator_interfaces/lib/python3.12/site-packages/calculator_interfaces/srv/__init__.py'...
Compiling '/home/mnepraj/ros2_ws/install/calculator_interfaces/lib/python3.12/site-packages/calculator_interfaces/srv/_calculator.py'...
-- Installing: /home/mnepraj/ros2_ws/install/calculator_interfaces/lib/python3.12/site-packages/calculator_interfaces/calculator_interfaces_s__rosidl_typesupport_fastrtps_c.so
-- Set non-toolchain portion of runtime path of "/home/mnepraj/ros2_ws/install/calculator_interfaces/lib/python3.12/site-packages/calculator_interfaces/calculator_interfaces_s__rosidl_typesupport_fastrtps_c.so" to ""
-- Installing: /home/mnepraj/ros2_ws/install/calculator_interfaces/lib/python3.12/site-packages/calculator_interfaces/calculator_interfaces_s__rosidl_typesupport_introspection_c.so
-- Set non-toolchain portion of runtime path of "/home/mnepraj/ros2_ws/install/calculator_interfaces/lib/python3.12/site-packages/calculator_interfaces/calculator_interfaces_s__rosidl_typesupport_introspection_c.so" to ""
-- Installing: /home/mnepraj/ros2_ws/install/calculator_interfaces/lib/python3.12/site-packages/calculator_interfaces/calculator_interfaces_s__rosidl_typesupport_c.so
-- Set non-toolchain portion of runtime path of "/home/mnepraj/ros2_ws/install/calculator_interfaces/lib/python3.12/site-packages/calculator_interfaces/calculator_interfaces_s__rosidl_typesupport_c.so" to ""
-- Installing: /home/mnepraj/ros2_ws/install/calculator_interfaces/lib/libcalculator_interfaces__rosidl_generator_py.so
-- Set non-toolchain portion of runtime path of "/home/mnepraj/ros2_ws/install/calculator_interfaces/lib/libcalculator_interfaces__rosidl_generator_py.so" to ""
-- Installing: /home/mnepraj/ros2_ws/install/calculator_interfaces/share/calculator_interfaces/srv/Calculator.idl
-- Installing: /home/mnepraj/ros2_ws/install/calculator_interfaces/share/calculator_interfaces/srv/Calculator.srv
-- Installing: /home/mnepraj/ros2_ws/install/calculator_interfaces/share/ament_index/resource_index/package_run_dependencies/calculator_interfaces
-- Installing: /home/mnepraj/ros2_ws/install/calculator_interfaces/share/ament_index/resource_index/parent_prefix_path/calculator_interfaces
-- Installing: /home/mnepraj/ros2_ws/install/calculator_interfaces/share/calculator_interfaces/environment/ament_prefix_path.sh
-- Installing: /home/mnepraj/ros2_ws/install/calculator_interfaces/share/calculator_interfaces/environment/ament_prefix_path.dsv
-- Installing: /home/mnepraj/ros2_ws/install/calculator_interfaces/share/calculator_interfaces/environment/path.sh
-- Installing: /home/mnepraj/ros2_ws/install/calculator_interfaces/share/calculator_interfaces/environment/path.dsv
-- Installing: /home/mnepraj/ros2_ws/install/calculator_interfaces/share/calculator_interfaces/local_setup.bash
-- Installing: /home/mnepraj/ros2_ws/install/calculator_interfaces/share/calculator_interfaces/local_setup.sh
-- Installing: /home/mnepraj/ros2_ws/install/calculator_interfaces/share/calculator_interfaces/local_setup.zsh
-- Installing: /home/mnepraj/ros2_ws/install/calculator_interfaces/share/calculator_interfaces/local_setup.dsv
-- Installing: /home/mnepraj/ros2_ws/install/calculator_interfaces/share/calculator_interfaces/package.dsv
-- Installing: /home/mnepraj/ros2_ws/install/calculator_interfaces/share/ament_index/resource_index/packages/calculator_interfaces
-- Installing: /home/mnepraj/ros2_ws/install/calculator_interfaces/share/calculator_interfaces/cmake/export_calculator_interfaces__rosidl_generator_cExport.cmake
-- Installing: /home/mnepraj/ros2_ws/install/calculator_interfaces/share/calculator_interfaces/cmake/export_calculator_interfaces__rosidl_generator_cExport-noconfig.cmake
-- Installing: /home/mnepraj/ros2_ws/install/calculator_interfaces/share/calculator_interfaces/cmake/export_calculator_interfaces__rosidl_typesupport_fastrtps_cExport.cmake
-- Installing: /home/mnepraj/ros2_ws/install/calculator_interfaces/share/calculator_interfaces/cmake/export_calculator_interfaces__rosidl_typesupport_fastrtps_cExport-noconfig.cmake
-- Installing: /home/mnepraj/ros2_ws/install/calculator_interfaces/share/calculator_interfaces/cmake/calculator_interfaces__rosidl_typesupport_introspection_cExport.cmake
-- Installing: /home/mnepraj/ros2_ws/install/calculator_interfaces/share/calculator_interfaces/cmake/calculator_interfaces__rosidl_typesupport_introspection_cExport-noconfig.cmake
-- Installing: /home/mnepraj/ros2_ws/install/calculator_interfaces/share/calculator_interfaces/cmake/calculator_interfaces__rosidl_typesupport_cExport.cmake
-- Installing: /home/mnepraj/ros2_ws/install/calculator_interfaces/share/calculator_interfaces/cmake/calculator_interfaces__rosidl_typesupport_cExport-noconfig.cmake
-- Installing: /home/mnepraj/ros2_ws/install/calculator_interfaces/share/calculator_interfaces/cmake/export_calculator_interfaces__rosidl_generator_cppExport.cmake
-- Installing: /home/mnepraj/ros2_ws/install/calculator_interfaces/share/calculator_interfaces/cmake/export_calculator_interfaces__rosidl_typesupport_fastrtps_cppExport.cmake
-- Installing: /home/mnepraj/ros2_ws/install/calculator_interfaces/share/calculator_interfaces/cmake/export_calculator_interfaces__rosidl_typesupport_fastrtps_cppExport-noconfig.cmake
-- Installing: /home/mnepraj/ros2_ws/install/calculator_interfaces/share/calculator_interfaces/cmake/calculator_interfaces__rosidl_typesupport_introspection_cppExport.cmake
-- Installing: /home/mnepraj/ros2_ws/install/calculator_interfaces/share/calculator_interfaces/cmake/calculator_interfaces__rosidl_typesupport_introspection_cppExport-noconfig.cmake
-- Installing: /home/mnepraj/ros2_ws/install/calculator_interfaces/share/calculator_interfaces/cmake/calculator_interfaces__rosidl_typesupport_cppExport.cmake
-- Installing: /home/mnepraj/ros2_ws/install/calculator_interfaces/share/calculator_interfaces/cmake/calculator_interfaces__rosidl_typesupport_cppExport-noconfig.cmake
-- Installing: /home/mnepraj/ros2_ws/install/calculator_interfaces/share/calculator_interfaces/cmake/export_calculator_interfaces__rosidl_generator_pyExport.cmake
-- Installing: /home/mnepraj/ros2_ws/install/calculator_interfaces/share/calculator_interfaces/cmake/export_calculator_interfaces__rosidl_generator_pyExport-noconfig.cmake
-- Installing: /home/mnepraj/ros2_ws/install/calculator_interfaces/share/calculator_interfaces/cmake/rosidl_cmake-extras.cmake
-- Installing: /home/mnepraj/ros2_ws/install/calculator_interfaces/share/calculator_interfaces/cmake/ament_cmake_export_dependencies-extras.cmake
-- Installing: /home/mnepraj/ros2_ws/install/calculator_interfaces/share/calculator_interfaces/cmake/ament_cmake_export_include_directories-extras.cmake
-- Installing: /home/mnepraj/ros2_ws/install/calculator_interfaces/share/calculator_interfaces/cmake/ament_cmake_export_libraries-extras.cmake
-- Installing: /home/mnepraj/ros2_ws/install/calculator_interfaces/share/calculator_interfaces/cmake/ament_cmake_export_targets-extras.cmake
-- Installing: /home/mnepraj/ros2_ws/install/calculator_interfaces/share/calculator_interfaces/cmake/rosidl_cmake_export_typesupport_targets-extras.cmake
-- Installing: /home/mnepraj/ros2_ws/install/calculator_interfaces/share/calculator_interfaces/cmake/rosidl_cmake_export_typesupport_libraries-extras.cmake
-- Installing: /home/mnepraj/ros2_ws/install/calculator_interfaces/share/calculator_interfaces/cmake/calculator_interfacesConfig.cmake
-- Installing: /home/mnepraj/ros2_ws/install/calculator_interfaces/share/calculator_interfaces/cmake/calculator_interfacesConfig-version.cmake
-- Installing: /home/mnepraj/ros2_ws/install/calculator_interfaces/share/calculator_interfaces/package.xml
