[0.015s] Invoking command in '/home/mnepraj/ros2_ws/build/calculator_interfaces': DEBUGINFOD_URLS=https://debuginfod.ubuntu.com /usr/bin/cmake /home/mnepraj/ros2_ws/src/calculator_interfaces -DCATKIN_INSTALL_INTO_PREFIX_ROOT=0 -DCMAKE_INSTALL_PREFIX=/home/mnepraj/ros2_ws/install/calculator_interfaces
[0.143s] -- The C compiler identification is GNU 13.2.0
[0.290s] -- The CXX compiler identification is GNU 13.2.0
[0.320s] -- Detecting C compiler ABI info
[0.459s] -- Detecting C compiler ABI info - done
[0.472s] -- Check for working C compiler: /usr/bin/cc - skipped
[0.474s] -- Detecting C compile features
[0.475s] -- Detecting C compile features - done
[0.490s] -- Detecting CXX compiler ABI info
[0.640s] -- Detecting CXX compiler ABI info - done
[0.653s] -- Check for working CXX compiler: /usr/bin/c++ - skipped
[0.654s] -- Detecting CXX compile features
[0.655s] -- Detecting CXX compile features - done
[0.661s] -- Found ament_cmake: 2.5.0 (/opt/ros/jazzy/share/ament_cmake/cmake)
[0.867s] -- Found Python3: /usr/bin/python3 (found version "3.12.3") found components: Interpreter 
[1.015s] -- Found rosidl_default_generators: 1.6.0 (/opt/ros/jazzy/share/rosidl_default_generators/cmake)
[1.025s] -- Using all available rosidl_typesupport_c: rosidl_typesupport_fastrtps_c;rosidl_typesupport_introspection_c
[1.097s] -- Using all available rosidl_typesupport_cpp: rosidl_typesupport_fastrtps_cpp;rosidl_typesupport_introspection_cpp
[1.154s] -- Found rosidl_adapter: 4.6.2 (/opt/ros/jazzy/share/rosidl_adapter/cmake)
[2.000s] -- Found ament_cmake_ros: 0.12.0 (/opt/ros/jazzy/share/ament_cmake_ros/cmake)
[2.647s] -- Using all available rosidl_typesupport_c: rosidl_typesupport_fastrtps_c;rosidl_typesupport_introspection_c
[3.481s] -- Using all available rosidl_typesupport_cpp: rosidl_typesupport_fastrtps_cpp;rosidl_typesupport_introspection_cpp
[3.487s] -- Found python_cmake_module: 0.11.1 (/opt/ros/jazzy/share/python_cmake_module/cmake)
[3.693s] -- Found PythonExtra: /usr/bin/python3  
[4.313s] -- Found Python3: /usr/bin/python3 (found version "3.12.3") found components: Interpreter Development NumPy Development.Module Development.Embed 
[4.374s] -- Configuring done (4.3s)
[4.411s] -- Generating done (0.0s)
[4.414s] [33mCMake Warning:
[4.414s]   Manually-specified variables were not used by the project:
[4.414s] 
[4.414s]     CATKIN_INSTALL_INTO_PREFIX_ROOT
[4.415s] 
[4.415s] [0m
[4.415s] -- Build files have been written to: /home/mnepraj/ros2_ws/build/calculator_interfaces
[4.425s] Invoked command in '/home/mnepraj/ros2_ws/build/calculator_interfaces' returned '0': DEBUGINFOD_URLS=https://debuginfod.ubuntu.com /usr/bin/cmake /home/mnepraj/ros2_ws/src/calculator_interfaces -DCATKIN_INSTALL_INTO_PREFIX_ROOT=0 -DCMAKE_INSTALL_PREFIX=/home/mnepraj/ros2_ws/install/calculator_interfaces
[4.426s] Invoking command in '/home/mnepraj/ros2_ws/build/calculator_interfaces': DEBUGINFOD_URLS=https://debuginfod.ubuntu.com /usr/bin/cmake --build /home/mnepraj/ros2_ws/build/calculator_interfaces -- -j12 -l12
[4.497s] [  2%] [34m[1mGenerating type hashes for ROS interfaces[0m
[4.511s] [  2%] Built target ament_cmake_python_copy_calculator_interfaces
[4.751s] [  2%] Built target calculator_interfaces__rosidl_generator_type_description
[4.754s] running egg_info
[4.755s] creating calculator_interfaces.egg-info
[4.765s] [  5%] [34m[1mGenerating C code for ROS interfaces[0m
[4.774s] writing calculator_interfaces.egg-info/PKG-INFO
[4.774s] writing dependency_links to calculator_interfaces.egg-info/dependency_links.txt
[4.774s] writing top-level names to calculator_interfaces.egg-info/top_level.txt
[4.774s] writing manifest file 'calculator_interfaces.egg-info/SOURCES.txt'
[4.785s] [  8%] [34m[1mGenerating C++ code for ROS interfaces[0m
[4.826s] reading manifest file 'calculator_interfaces.egg-info/SOURCES.txt'
[4.827s] writing manifest file 'calculator_interfaces.egg-info/SOURCES.txt'
[4.867s] [  8%] Built target ament_cmake_python_build_calculator_interfaces_egg
[5.130s] [ 17%] [32mBuilding C object CMakeFiles/calculator_interfaces__rosidl_generator_c.dir/rosidl_generator_c/calculator_interfaces/srv/detail/calculator__description.c.o[0m
[5.130s] [ 17%] [32mBuilding C object CMakeFiles/calculator_interfaces__rosidl_generator_c.dir/rosidl_generator_c/calculator_interfaces/srv/detail/calculator__functions.c.o[0m
[5.130s] [ 17%] [32mBuilding C object CMakeFiles/calculator_interfaces__rosidl_generator_c.dir/rosidl_generator_c/calculator_interfaces/srv/detail/calculator__type_support.c.o[0m
[5.158s] [ 17%] Built target calculator_interfaces__cpp
[5.277s] [ 20%] [32m[1mLinking C shared library libcalculator_interfaces__rosidl_generator_c.so[0m
[5.331s] [ 20%] Built target calculator_interfaces__rosidl_generator_c
[5.347s] [ 23%] [34m[1mGenerating C type support for eProsima Fast-RTPS[0m
[5.348s] [ 26%] [34m[1mGenerating C++ introspection for ROS interfaces[0m
[5.349s] [ 29%] [34m[1mGenerating C++ type support for eProsima Fast-RTPS[0m
[5.350s] [ 35%] [34m[1mGenerating C++ type support dispatch for ROS interfaces[0m
[5.350s] [ 35%] [34m[1mGenerating C introspection for ROS interfaces[0m
[5.351s] [ 38%] [34m[1mGenerating C type support dispatch for ROS interfaces[0m
[5.758s] [ 41%] [32mBuilding CXX object CMakeFiles/calculator_interfaces__rosidl_typesupport_cpp.dir/rosidl_typesupport_cpp/calculator_interfaces/srv/calculator__type_support.cpp.o[0m
[5.773s] [ 44%] [32mBuilding CXX object CMakeFiles/calculator_interfaces__rosidl_typesupport_introspection_cpp.dir/rosidl_typesupport_introspection_cpp/calculator_interfaces/srv/detail/calculator__type_support.cpp.o[0m
[5.790s] [ 47%] [32mBuilding C object CMakeFiles/calculator_interfaces__rosidl_typesupport_introspection_c.dir/rosidl_typesupport_introspection_c/calculator_interfaces/srv/detail/calculator__type_support.c.o[0m
[5.818s] [ 50%] [32mBuilding CXX object CMakeFiles/calculator_interfaces__rosidl_typesupport_fastrtps_cpp.dir/rosidl_typesupport_fastrtps_cpp/calculator_interfaces/srv/detail/dds_fastrtps/calculator__type_support.cpp.o[0m
[5.858s] [ 52%] [32m[1mLinking C shared library libcalculator_interfaces__rosidl_typesupport_introspection_c.so[0m
[5.860s] [ 55%] [32mBuilding CXX object CMakeFiles/calculator_interfaces__rosidl_typesupport_c.dir/rosidl_typesupport_c/calculator_interfaces/srv/calculator__type_support.cpp.o[0m
[5.918s] [ 55%] Built target calculator_interfaces__rosidl_typesupport_introspection_c
[5.926s] [ 58%] [32m[1mLinking CXX shared library libcalculator_interfaces__rosidl_typesupport_c.so[0m
[5.983s] [ 58%] Built target calculator_interfaces__rosidl_typesupport_c
[6.039s] [ 61%] [32mBuilding CXX object CMakeFiles/calculator_interfaces__rosidl_typesupport_fastrtps_c.dir/rosidl_typesupport_fastrtps_c/calculator_interfaces/srv/detail/calculator__type_support_c.cpp.o[0m
[6.343s] [ 64%] [32m[1mLinking CXX shared library libcalculator_interfaces__rosidl_typesupport_cpp.so[0m
[6.485s] [ 64%] Built target calculator_interfaces__rosidl_typesupport_cpp
[6.492s] [ 67%] [32m[1mLinking CXX shared library libcalculator_interfaces__rosidl_typesupport_introspection_cpp.so[0m
[6.591s] [ 67%] Built target calculator_interfaces__rosidl_typesupport_introspection_cpp
[6.851s] [ 70%] [32m[1mLinking CXX shared library libcalculator_interfaces__rosidl_typesupport_fastrtps_c.so[0m
[6.945s] [ 70%] Built target calculator_interfaces__rosidl_typesupport_fastrtps_c
[7.034s] [ 73%] [32m[1mLinking CXX shared library libcalculator_interfaces__rosidl_typesupport_fastrtps_cpp.so[0m
[7.136s] [ 73%] Built target calculator_interfaces__rosidl_typesupport_fastrtps_cpp
[7.168s] [ 73%] Built target calculator_interfaces
[7.202s] [ 76%] [34m[1mGenerating Python code for ROS interfaces[0m
[7.616s] [ 76%] Built target calculator_interfaces__py
[7.653s] [ 79%] [32mBuilding C object CMakeFiles/calculator_interfaces__rosidl_generator_py.dir/rosidl_generator_py/calculator_interfaces/srv/_calculator_s.c.o[0m
[7.868s] [ 82%] [32m[1mLinking C shared library libcalculator_interfaces__rosidl_generator_py.so[0m
[7.928s] [ 82%] Built target calculator_interfaces__rosidl_generator_py
[7.964s] [ 85%] [32mBuilding C object CMakeFiles/calculator_interfaces_s__rosidl_typesupport_introspection_c.dir/rosidl_generator_py/calculator_interfaces/_calculator_interfaces_s.ep.rosidl_typesupport_introspection_c.c.o[0m
[7.964s] [ 91%] [32mBuilding C object CMakeFiles/calculator_interfaces_s__rosidl_typesupport_fastrtps_c.dir/rosidl_generator_py/calculator_interfaces/_calculator_interfaces_s.ep.rosidl_typesupport_fastrtps_c.c.o[0m
[7.965s] [ 91%] [32mBuilding C object CMakeFiles/calculator_interfaces_s__rosidl_typesupport_c.dir/rosidl_generator_py/calculator_interfaces/_calculator_interfaces_s.ep.rosidl_typesupport_c.c.o[0m
[8.109s] [ 94%] [32m[1mLinking C shared module rosidl_generator_py/calculator_interfaces/calculator_interfaces_s__rosidl_typesupport_c.so[0m
[8.111s] [ 97%] [32m[1mLinking C shared module rosidl_generator_py/calculator_interfaces/calculator_interfaces_s__rosidl_typesupport_fastrtps_c.so[0m
[8.155s] [ 97%] Built target calculator_interfaces_s__rosidl_typesupport_fastrtps_c
[8.158s] [ 97%] Built target calculator_interfaces_s__rosidl_typesupport_c
[8.192s] [100%] [32m[1mLinking C shared module rosidl_generator_py/calculator_interfaces/calculator_interfaces_s__rosidl_typesupport_introspection_c.so[0m
[8.241s] [100%] Built target calculator_interfaces_s__rosidl_typesupport_introspection_c
[8.260s] Invoked command in '/home/mnepraj/ros2_ws/build/calculator_interfaces' returned '0': DEBUGINFOD_URLS=https://debuginfod.ubuntu.com /usr/bin/cmake --build /home/mnepraj/ros2_ws/build/calculator_interfaces -- -j12 -l12
[8.457s] Invoking command in '/home/mnepraj/ros2_ws/build/calculator_interfaces': DEBUGINFOD_URLS=https://debuginfod.ubuntu.com /usr/bin/cmake --install /home/mnepraj/ros2_ws/build/calculator_interfaces
[8.470s] -- Install configuration: ""
[8.470s] -- Installing: /home/mnepraj/ros2_ws/install/calculator_interfaces/share/ament_index/resource_index/rosidl_interfaces/calculator_interfaces
[8.470s] -- Installing: /home/mnepraj/ros2_ws/install/calculator_interfaces/share/calculator_interfaces/srv/Calculator.json
[8.471s] -- Installing: /home/mnepraj/ros2_ws/install/calculator_interfaces/include/calculator_interfaces/calculator_interfaces
[8.471s] -- Installing: /home/mnepraj/ros2_ws/install/calculator_interfaces/include/calculator_interfaces/calculator_interfaces/srv
[8.471s] -- Installing: /home/mnepraj/ros2_ws/install/calculator_interfaces/include/calculator_interfaces/calculator_interfaces/srv/calculator.h
[8.471s] -- Installing: /home/mnepraj/ros2_ws/install/calculator_interfaces/include/calculator_interfaces/calculator_interfaces/srv/detail
[8.472s] -- Installing: /home/mnepraj/ros2_ws/install/calculator_interfaces/include/calculator_interfaces/calculator_interfaces/srv/detail/calculator__description.c
[8.472s] -- Installing: /home/mnepraj/ros2_ws/install/calculator_interfaces/include/calculator_interfaces/calculator_interfaces/srv/detail/calculator__type_support.c
[8.472s] -- Installing: /home/mnepraj/ros2_ws/install/calculator_interfaces/include/calculator_interfaces/calculator_interfaces/srv/detail/calculator__struct.h
[8.473s] -- Installing: /home/mnepraj/ros2_ws/install/calculator_interfaces/include/calculator_interfaces/calculator_interfaces/srv/detail/calculator__type_support.h
[8.473s] -- Installing: /home/mnepraj/ros2_ws/install/calculator_interfaces/include/calculator_interfaces/calculator_interfaces/srv/detail/calculator__functions.h
[8.473s] -- Installing: /home/mnepraj/ros2_ws/install/calculator_interfaces/include/calculator_interfaces/calculator_interfaces/srv/detail/calculator__functions.c
[8.473s] -- Installing: /home/mnepraj/ros2_ws/install/calculator_interfaces/include/calculator_interfaces/calculator_interfaces/msg
[8.473s] -- Installing: /home/mnepraj/ros2_ws/install/calculator_interfaces/include/calculator_interfaces/calculator_interfaces/msg/rosidl_generator_c__visibility_control.h
[8.473s] -- Installing: /home/mnepraj/ros2_ws/install/calculator_interfaces/share/calculator_interfaces/environment/library_path.sh
[8.473s] -- Installing: /home/mnepraj/ros2_ws/install/calculator_interfaces/share/calculator_interfaces/environment/library_path.dsv
[8.474s] -- Installing: /home/mnepraj/ros2_ws/install/calculator_interfaces/lib/libcalculator_interfaces__rosidl_generator_c.so
[8.474s] -- Set non-toolchain portion of runtime path of "/home/mnepraj/ros2_ws/install/calculator_interfaces/lib/libcalculator_interfaces__rosidl_generator_c.so" to ""
[8.474s] -- Up-to-date: /home/mnepraj/ros2_ws/install/calculator_interfaces/include/calculator_interfaces/calculator_interfaces
[8.474s] -- Up-to-date: /home/mnepraj/ros2_ws/install/calculator_interfaces/include/calculator_interfaces/calculator_interfaces/srv
[8.474s] -- Up-to-date: /home/mnepraj/ros2_ws/install/calculator_interfaces/include/calculator_interfaces/calculator_interfaces/srv/detail
[8.475s] -- Installing: /home/mnepraj/ros2_ws/install/calculator_interfaces/include/calculator_interfaces/calculator_interfaces/srv/detail/calculator__rosidl_typesupport_fastrtps_c.h
[8.475s] -- Up-to-date: /home/mnepraj/ros2_ws/install/calculator_interfaces/include/calculator_interfaces/calculator_interfaces/msg
[8.475s] -- Installing: /home/mnepraj/ros2_ws/install/calculator_interfaces/include/calculator_interfaces/calculator_interfaces/msg/rosidl_typesupport_fastrtps_c__visibility_control.h
[8.475s] -- Installing: /home/mnepraj/ros2_ws/install/calculator_interfaces/lib/libcalculator_interfaces__rosidl_typesupport_fastrtps_c.so
[8.475s] -- Set non-toolchain portion of runtime path of "/home/mnepraj/ros2_ws/install/calculator_interfaces/lib/libcalculator_interfaces__rosidl_typesupport_fastrtps_c.so" to ""
[8.475s] -- Up-to-date: /home/mnepraj/ros2_ws/install/calculator_interfaces/include/calculator_interfaces/calculator_interfaces
[8.475s] -- Up-to-date: /home/mnepraj/ros2_ws/install/calculator_interfaces/include/calculator_interfaces/calculator_interfaces/srv
[8.475s] -- Up-to-date: /home/mnepraj/ros2_ws/install/calculator_interfaces/include/calculator_interfaces/calculator_interfaces/srv/detail
[8.476s] -- Up-to-date: /home/mnepraj/ros2_ws/install/calculator_interfaces/include/calculator_interfaces/calculator_interfaces/srv/detail/calculator__type_support.c
[8.476s] -- Installing: /home/mnepraj/ros2_ws/install/calculator_interfaces/include/calculator_interfaces/calculator_interfaces/srv/detail/calculator__rosidl_typesupport_introspection_c.h
[8.476s] -- Up-to-date: /home/mnepraj/ros2_ws/install/calculator_interfaces/include/calculator_interfaces/calculator_interfaces/msg
[8.476s] -- Installing: /home/mnepraj/ros2_ws/install/calculator_interfaces/include/calculator_interfaces/calculator_interfaces/msg/rosidl_typesupport_introspection_c__visibility_control.h
[8.476s] -- Installing: /home/mnepraj/ros2_ws/install/calculator_interfaces/lib/libcalculator_interfaces__rosidl_typesupport_introspection_c.so
[8.476s] -- Set non-toolchain portion of runtime path of "/home/mnepraj/ros2_ws/install/calculator_interfaces/lib/libcalculator_interfaces__rosidl_typesupport_introspection_c.so" to ""
[8.476s] -- Installing: /home/mnepraj/ros2_ws/install/calculator_interfaces/lib/libcalculator_interfaces__rosidl_typesupport_c.so
[8.477s] -- Set non-toolchain portion of runtime path of "/home/mnepraj/ros2_ws/install/calculator_interfaces/lib/libcalculator_interfaces__rosidl_typesupport_c.so" to ""
[8.477s] -- Up-to-date: /home/mnepraj/ros2_ws/install/calculator_interfaces/include/calculator_interfaces/calculator_interfaces
[8.477s] -- Up-to-date: /home/mnepraj/ros2_ws/install/calculator_interfaces/include/calculator_interfaces/calculator_interfaces/srv
[8.477s] -- Installing: /home/mnepraj/ros2_ws/install/calculator_interfaces/include/calculator_interfaces/calculator_interfaces/srv/calculator.hpp
[8.477s] -- Up-to-date: /home/mnepraj/ros2_ws/install/calculator_interfaces/include/calculator_interfaces/calculator_interfaces/srv/detail
[8.477s] -- Installing: /home/mnepraj/ros2_ws/install/calculator_interfaces/include/calculator_interfaces/calculator_interfaces/srv/detail/calculator__traits.hpp
[8.477s] -- Installing: /home/mnepraj/ros2_ws/install/calculator_interfaces/include/calculator_interfaces/calculator_interfaces/srv/detail/calculator__type_support.hpp
[8.478s] -- Installing: /home/mnepraj/ros2_ws/install/calculator_interfaces/include/calculator_interfaces/calculator_interfaces/srv/detail/calculator__builder.hpp
[8.478s] -- Installing: /home/mnepraj/ros2_ws/install/calculator_interfaces/include/calculator_interfaces/calculator_interfaces/srv/detail/calculator__struct.hpp
[8.478s] -- Up-to-date: /home/mnepraj/ros2_ws/install/calculator_interfaces/include/calculator_interfaces/calculator_interfaces/msg
[8.478s] -- Installing: /home/mnepraj/ros2_ws/install/calculator_interfaces/include/calculator_interfaces/calculator_interfaces/msg/rosidl_generator_cpp__visibility_control.hpp
[8.478s] -- Up-to-date: /home/mnepraj/ros2_ws/install/calculator_interfaces/include/calculator_interfaces/calculator_interfaces
[8.478s] -- Up-to-date: /home/mnepraj/ros2_ws/install/calculator_interfaces/include/calculator_interfaces/calculator_interfaces/srv
[8.479s] -- Up-to-date: /home/mnepraj/ros2_ws/install/calculator_interfaces/include/calculator_interfaces/calculator_interfaces/srv/detail
[8.479s] -- Installing: /home/mnepraj/ros2_ws/install/calculator_interfaces/include/calculator_interfaces/calculator_interfaces/srv/detail/calculator__rosidl_typesupport_fastrtps_cpp.hpp
[8.479s] -- Installing: /home/mnepraj/ros2_ws/install/calculator_interfaces/include/calculator_interfaces/calculator_interfaces/srv/detail/dds_fastrtps
[8.479s] -- Up-to-date: /home/mnepraj/ros2_ws/install/calculator_interfaces/include/calculator_interfaces/calculator_interfaces/msg
[8.479s] -- Installing: /home/mnepraj/ros2_ws/install/calculator_interfaces/include/calculator_interfaces/calculator_interfaces/msg/rosidl_typesupport_fastrtps_cpp__visibility_control.h
[8.479s] -- Installing: /home/mnepraj/ros2_ws/install/calculator_interfaces/lib/libcalculator_interfaces__rosidl_typesupport_fastrtps_cpp.so
[8.479s] -- Set non-toolchain portion of runtime path of "/home/mnepraj/ros2_ws/install/calculator_interfaces/lib/libcalculator_interfaces__rosidl_typesupport_fastrtps_cpp.so" to ""
[8.480s] -- Up-to-date: /home/mnepraj/ros2_ws/install/calculator_interfaces/include/calculator_interfaces/calculator_interfaces
[8.480s] -- Up-to-date: /home/mnepraj/ros2_ws/install/calculator_interfaces/include/calculator_interfaces/calculator_interfaces/srv
[8.480s] -- Up-to-date: /home/mnepraj/ros2_ws/install/calculator_interfaces/include/calculator_interfaces/calculator_interfaces/srv/detail
[8.480s] -- Installing: /home/mnepraj/ros2_ws/install/calculator_interfaces/include/calculator_interfaces/calculator_interfaces/srv/detail/calculator__rosidl_typesupport_introspection_cpp.hpp
[8.480s] -- Installing: /home/mnepraj/ros2_ws/install/calculator_interfaces/include/calculator_interfaces/calculator_interfaces/srv/detail/calculator__type_support.cpp
[8.480s] -- Installing: /home/mnepraj/ros2_ws/install/calculator_interfaces/lib/libcalculator_interfaces__rosidl_typesupport_introspection_cpp.so
[8.480s] -- Set non-toolchain portion of runtime path of "/home/mnepraj/ros2_ws/install/calculator_interfaces/lib/libcalculator_interfaces__rosidl_typesupport_introspection_cpp.so" to ""
[8.480s] -- Installing: /home/mnepraj/ros2_ws/install/calculator_interfaces/lib/libcalculator_interfaces__rosidl_typesupport_cpp.so
[8.480s] -- Set non-toolchain portion of runtime path of "/home/mnepraj/ros2_ws/install/calculator_interfaces/lib/libcalculator_interfaces__rosidl_typesupport_cpp.so" to ""
[8.480s] -- Installing: /home/mnepraj/ros2_ws/install/calculator_interfaces/share/calculator_interfaces/environment/pythonpath.sh
[8.480s] -- Installing: /home/mnepraj/ros2_ws/install/calculator_interfaces/share/calculator_interfaces/environment/pythonpath.dsv
[8.480s] -- Installing: /home/mnepraj/ros2_ws/install/calculator_interfaces/lib/python3.12/site-packages/calculator_interfaces-0.0.0-py3.12.egg-info
[8.480s] -- Installing: /home/mnepraj/ros2_ws/install/calculator_interfaces/lib/python3.12/site-packages/calculator_interfaces-0.0.0-py3.12.egg-info/top_level.txt
[8.480s] -- Installing: /home/mnepraj/ros2_ws/install/calculator_interfaces/lib/python3.12/site-packages/calculator_interfaces-0.0.0-py3.12.egg-info/PKG-INFO
[8.481s] -- Installing: /home/mnepraj/ros2_ws/install/calculator_interfaces/lib/python3.12/site-packages/calculator_interfaces-0.0.0-py3.12.egg-info/dependency_links.txt
[8.481s] -- Installing: /home/mnepraj/ros2_ws/install/calculator_interfaces/lib/python3.12/site-packages/calculator_interfaces-0.0.0-py3.12.egg-info/SOURCES.txt
[8.481s] -- Installing: /home/mnepraj/ros2_ws/install/calculator_interfaces/lib/python3.12/site-packages/calculator_interfaces
[8.481s] -- Installing: /home/mnepraj/ros2_ws/install/calculator_interfaces/lib/python3.12/site-packages/calculator_interfaces/_calculator_interfaces_s.ep.rosidl_typesupport_c.c
[8.481s] -- Installing: /home/mnepraj/ros2_ws/install/calculator_interfaces/lib/python3.12/site-packages/calculator_interfaces/srv
[8.481s] -- Installing: /home/mnepraj/ros2_ws/install/calculator_interfaces/lib/python3.12/site-packages/calculator_interfaces/srv/_calculator_s.c
[8.481s] -- Installing: /home/mnepraj/ros2_ws/install/calculator_interfaces/lib/python3.12/site-packages/calculator_interfaces/srv/_calculator.py
[8.481s] -- Installing: /home/mnepraj/ros2_ws/install/calculator_interfaces/lib/python3.12/site-packages/calculator_interfaces/srv/__init__.py
[8.481s] -- Installing: /home/mnepraj/ros2_ws/install/calculator_interfaces/lib/python3.12/site-packages/calculator_interfaces/calculator_interfaces_s__rosidl_typesupport_c.so
[8.481s] -- Installing: /home/mnepraj/ros2_ws/install/calculator_interfaces/lib/python3.12/site-packages/calculator_interfaces/_calculator_interfaces_s.ep.rosidl_typesupport_introspection_c.c
[8.481s] -- Installing: /home/mnepraj/ros2_ws/install/calculator_interfaces/lib/python3.12/site-packages/calculator_interfaces/_calculator_interfaces_s.ep.rosidl_typesupport_fastrtps_c.c
[8.481s] -- Installing: /home/mnepraj/ros2_ws/install/calculator_interfaces/lib/python3.12/site-packages/calculator_interfaces/calculator_interfaces_s__rosidl_typesupport_introspection_c.so
[8.481s] -- Installing: /home/mnepraj/ros2_ws/install/calculator_interfaces/lib/python3.12/site-packages/calculator_interfaces/calculator_interfaces_s__rosidl_typesupport_fastrtps_c.so
[8.481s] -- Installing: /home/mnepraj/ros2_ws/install/calculator_interfaces/lib/python3.12/site-packages/calculator_interfaces/__init__.py
[8.536s] Listing '/home/mnepraj/ros2_ws/install/calculator_interfaces/lib/python3.12/site-packages/calculator_interfaces'...
[8.536s] Compiling '/home/mnepraj/ros2_ws/install/calculator_interfaces/lib/python3.12/site-packages/calculator_interfaces/__init__.py'...
[8.536s] Listing '/home/mnepraj/ros2_ws/install/calculator_interfaces/lib/python3.12/site-packages/calculator_interfaces/srv'...
[8.536s] Compiling '/home/mnepraj/ros2_ws/install/calculator_interfaces/lib/python3.12/site-packages/calculator_interfaces/srv/__init__.py'...
[8.536s] Compiling '/home/mnepraj/ros2_ws/install/calculator_interfaces/lib/python3.12/site-packages/calculator_interfaces/srv/_calculator.py'...
[8.544s] -- Installing: /home/mnepraj/ros2_ws/install/calculator_interfaces/lib/python3.12/site-packages/calculator_interfaces/calculator_interfaces_s__rosidl_typesupport_fastrtps_c.so
[8.544s] -- Set non-toolchain portion of runtime path of "/home/mnepraj/ros2_ws/install/calculator_interfaces/lib/python3.12/site-packages/calculator_interfaces/calculator_interfaces_s__rosidl_typesupport_fastrtps_c.so" to ""
[8.544s] -- Installing: /home/mnepraj/ros2_ws/install/calculator_interfaces/lib/python3.12/site-packages/calculator_interfaces/calculator_interfaces_s__rosidl_typesupport_introspection_c.so
[8.544s] -- Set non-toolchain portion of runtime path of "/home/mnepraj/ros2_ws/install/calculator_interfaces/lib/python3.12/site-packages/calculator_interfaces/calculator_interfaces_s__rosidl_typesupport_introspection_c.so" to ""
[8.544s] -- Installing: /home/mnepraj/ros2_ws/install/calculator_interfaces/lib/python3.12/site-packages/calculator_interfaces/calculator_interfaces_s__rosidl_typesupport_c.so
[8.545s] -- Set non-toolchain portion of runtime path of "/home/mnepraj/ros2_ws/install/calculator_interfaces/lib/python3.12/site-packages/calculator_interfaces/calculator_interfaces_s__rosidl_typesupport_c.so" to ""
[8.545s] -- Installing: /home/mnepraj/ros2_ws/install/calculator_interfaces/lib/libcalculator_interfaces__rosidl_generator_py.so
[8.546s] -- Set non-toolchain portion of runtime path of "/home/mnepraj/ros2_ws/install/calculator_interfaces/lib/libcalculator_interfaces__rosidl_generator_py.so" to ""
[8.546s] -- Installing: /home/mnepraj/ros2_ws/install/calculator_interfaces/share/calculator_interfaces/srv/Calculator.idl
[8.546s] -- Installing: /home/mnepraj/ros2_ws/install/calculator_interfaces/share/calculator_interfaces/srv/Calculator.srv
[8.546s] -- Installing: /home/mnepraj/ros2_ws/install/calculator_interfaces/share/ament_index/resource_index/package_run_dependencies/calculator_interfaces
[8.547s] -- Installing: /home/mnepraj/ros2_ws/install/calculator_interfaces/share/ament_index/resource_index/parent_prefix_path/calculator_interfaces
[8.547s] -- Installing: /home/mnepraj/ros2_ws/install/calculator_interfaces/share/calculator_interfaces/environment/ament_prefix_path.sh
[8.547s] -- Installing: /home/mnepraj/ros2_ws/install/calculator_interfaces/share/calculator_interfaces/environment/ament_prefix_path.dsv
[8.547s] -- Installing: /home/mnepraj/ros2_ws/install/calculator_interfaces/share/calculator_interfaces/environment/path.sh
[8.547s] -- Installing: /home/mnepraj/ros2_ws/install/calculator_interfaces/share/calculator_interfaces/environment/path.dsv
[8.548s] -- Installing: /home/mnepraj/ros2_ws/install/calculator_interfaces/share/calculator_interfaces/local_setup.bash
[8.548s] -- Installing: /home/mnepraj/ros2_ws/install/calculator_interfaces/share/calculator_interfaces/local_setup.sh
[8.548s] -- Installing: /home/mnepraj/ros2_ws/install/calculator_interfaces/share/calculator_interfaces/local_setup.zsh
[8.548s] -- Installing: /home/mnepraj/ros2_ws/install/calculator_interfaces/share/calculator_interfaces/local_setup.dsv
[8.548s] -- Installing: /home/mnepraj/ros2_ws/install/calculator_interfaces/share/calculator_interfaces/package.dsv
[8.548s] -- Installing: /home/mnepraj/ros2_ws/install/calculator_interfaces/share/ament_index/resource_index/packages/calculator_interfaces
[8.549s] -- Installing: /home/mnepraj/ros2_ws/install/calculator_interfaces/share/calculator_interfaces/cmake/export_calculator_interfaces__rosidl_generator_cExport.cmake
[8.549s] -- Installing: /home/mnepraj/ros2_ws/install/calculator_interfaces/share/calculator_interfaces/cmake/export_calculator_interfaces__rosidl_generator_cExport-noconfig.cmake
[8.549s] -- Installing: /home/mnepraj/ros2_ws/install/calculator_interfaces/share/calculator_interfaces/cmake/export_calculator_interfaces__rosidl_typesupport_fastrtps_cExport.cmake
[8.549s] -- Installing: /home/mnepraj/ros2_ws/install/calculator_interfaces/share/calculator_interfaces/cmake/export_calculator_interfaces__rosidl_typesupport_fastrtps_cExport-noconfig.cmake
[8.549s] -- Installing: /home/mnepraj/ros2_ws/install/calculator_interfaces/share/calculator_interfaces/cmake/calculator_interfaces__rosidl_typesupport_introspection_cExport.cmake
[8.550s] -- Installing: /home/mnepraj/ros2_ws/install/calculator_interfaces/share/calculator_interfaces/cmake/calculator_interfaces__rosidl_typesupport_introspection_cExport-noconfig.cmake
[8.550s] -- Installing: /home/mnepraj/ros2_ws/install/calculator_interfaces/share/calculator_interfaces/cmake/calculator_interfaces__rosidl_typesupport_cExport.cmake
[8.550s] -- Installing: /home/mnepraj/ros2_ws/install/calculator_interfaces/share/calculator_interfaces/cmake/calculator_interfaces__rosidl_typesupport_cExport-noconfig.cmake
[8.550s] -- Installing: /home/mnepraj/ros2_ws/install/calculator_interfaces/share/calculator_interfaces/cmake/export_calculator_interfaces__rosidl_generator_cppExport.cmake
[8.550s] -- Installing: /home/mnepraj/ros2_ws/install/calculator_interfaces/share/calculator_interfaces/cmake/export_calculator_interfaces__rosidl_typesupport_fastrtps_cppExport.cmake
[8.551s] -- Installing: /home/mnepraj/ros2_ws/install/calculator_interfaces/share/calculator_interfaces/cmake/export_calculator_interfaces__rosidl_typesupport_fastrtps_cppExport-noconfig.cmake
[8.551s] -- Installing: /home/mnepraj/ros2_ws/install/calculator_interfaces/share/calculator_interfaces/cmake/calculator_interfaces__rosidl_typesupport_introspection_cppExport.cmake
[8.551s] -- Installing: /home/mnepraj/ros2_ws/install/calculator_interfaces/share/calculator_interfaces/cmake/calculator_interfaces__rosidl_typesupport_introspection_cppExport-noconfig.cmake
[8.551s] -- Installing: /home/mnepraj/ros2_ws/install/calculator_interfaces/share/calculator_interfaces/cmake/calculator_interfaces__rosidl_typesupport_cppExport.cmake
[8.552s] -- Installing: /home/mnepraj/ros2_ws/install/calculator_interfaces/share/calculator_interfaces/cmake/calculator_interfaces__rosidl_typesupport_cppExport-noconfig.cmake
[8.552s] -- Installing: /home/mnepraj/ros2_ws/install/calculator_interfaces/share/calculator_interfaces/cmake/export_calculator_interfaces__rosidl_generator_pyExport.cmake
[8.552s] -- Installing: /home/mnepraj/ros2_ws/install/calculator_interfaces/share/calculator_interfaces/cmake/export_calculator_interfaces__rosidl_generator_pyExport-noconfig.cmake
[8.552s] -- Installing: /home/mnepraj/ros2_ws/install/calculator_interfaces/share/calculator_interfaces/cmake/rosidl_cmake-extras.cmake
[8.553s] -- Installing: /home/mnepraj/ros2_ws/install/calculator_interfaces/share/calculator_interfaces/cmake/ament_cmake_export_dependencies-extras.cmake
[8.553s] -- Installing: /home/mnepraj/ros2_ws/install/calculator_interfaces/share/calculator_interfaces/cmake/ament_cmake_export_include_directories-extras.cmake
[8.553s] -- Installing: /home/mnepraj/ros2_ws/install/calculator_interfaces/share/calculator_interfaces/cmake/ament_cmake_export_libraries-extras.cmake
[8.553s] -- Installing: /home/mnepraj/ros2_ws/install/calculator_interfaces/share/calculator_interfaces/cmake/ament_cmake_export_targets-extras.cmake
[8.553s] -- Installing: /home/mnepraj/ros2_ws/install/calculator_interfaces/share/calculator_interfaces/cmake/rosidl_cmake_export_typesupport_targets-extras.cmake
[8.554s] -- Installing: /home/mnepraj/ros2_ws/install/calculator_interfaces/share/calculator_interfaces/cmake/rosidl_cmake_export_typesupport_libraries-extras.cmake
[8.554s] -- Installing: /home/mnepraj/ros2_ws/install/calculator_interfaces/share/calculator_interfaces/cmake/calculator_interfacesConfig.cmake
[8.554s] -- Installing: /home/mnepraj/ros2_ws/install/calculator_interfaces/share/calculator_interfaces/cmake/calculator_interfacesConfig-version.cmake
[8.554s] -- Installing: /home/mnepraj/ros2_ws/install/calculator_interfaces/share/calculator_interfaces/package.xml
[8.558s] Invoked command in '/home/mnepraj/ros2_ws/build/calculator_interfaces' returned '0': DEBUGINFOD_URLS=https://debuginfod.ubuntu.com /usr/bin/cmake --install /home/mnepraj/ros2_ws/build/calculator_interfaces
