[0.121s] DEBUG:colcon:Command line arguments: ['/usr/bin/colcon', 'build', '--packages-select', 'calculator_server', 'calculator_client']
[0.121s] DEBUG:colcon:Parsed command line arguments: Namespace(log_base=None, log_level=None, verb_name='build', build_base='build', install_base='install', merge_install=False, symlink_install=False, test_result_base=None, continue_on_error=False, executor='parallel', parallel_workers=12, event_handlers=None, ignore_user_meta=False, metas=['./colcon.meta'], base_paths=['.'], packages_ignore=None, packages_ignore_regex=None, paths=None, packages_up_to=None, packages_up_to_regex=None, packages_above=None, packages_above_and_dependencies=None, packages_above_depth=None, packages_select_by_dep=None, packages_skip_by_dep=None, packages_skip_up_to=None, packages_select_build_failed=False, packages_skip_build_finished=False, packages_select_test_failures=False, packages_skip_test_passed=False, packages_select=['calculator_server', 'calculator_client'], packages_skip=None, packages_select_regex=None, packages_skip_regex=None, packages_start=None, packages_end=None, cmake_args=None, cmake_target=None, cmake_target_skip_unavailable=False, cmake_clean_cache=False, cmake_clean_first=False, cmake_force_configure=False, ament_cmake_args=None, catkin_cmake_args=None, catkin_skip_building_tests=False, verb_parser=<colcon_defaults.argument_parser.defaults.DefaultArgumentsDecorator object at 0x73718ccf5910>, verb_extension=<colcon_core.verb.build.BuildVerb object at 0x73718ccf5700>, main=<bound method BuildVerb.main of <colcon_core.verb.build.BuildVerb object at 0x73718ccf5700>>)
[0.166s] Level 1:colcon.colcon_core.package_discovery:discover_packages(colcon_meta) check parameters
[0.166s] Level 1:colcon.colcon_core.package_discovery:discover_packages(recursive) check parameters
[0.166s] Level 1:colcon.colcon_core.package_discovery:discover_packages(ignore) check parameters
[0.166s] Level 1:colcon.colcon_core.package_discovery:discover_packages(path) check parameters
[0.166s] Level 1:colcon.colcon_core.package_discovery:discover_packages(colcon_meta) discover
[0.167s] Level 1:colcon.colcon_core.package_discovery:discover_packages(recursive) discover
[0.167s] INFO:colcon.colcon_core.package_discovery:Crawling recursively for packages in '/home/mnepraj/ros2_ws'
[0.167s] Level 1:colcon.colcon_core.package_identification:_identify(.) by extensions ['ignore', 'ignore_ament_install']
[0.167s] Level 1:colcon.colcon_core.package_identification:_identify(.) by extension 'ignore'
[0.167s] Level 1:colcon.colcon_core.package_identification:_identify(.) by extension 'ignore_ament_install'
[0.167s] Level 1:colcon.colcon_core.package_identification:_identify(.) by extensions ['colcon_pkg']
[0.167s] Level 1:colcon.colcon_core.package_identification:_identify(.) by extension 'colcon_pkg'
[0.167s] Level 1:colcon.colcon_core.package_identification:_identify(.) by extensions ['colcon_meta']
[0.167s] Level 1:colcon.colcon_core.package_identification:_identify(.) by extension 'colcon_meta'
[0.167s] Level 1:colcon.colcon_core.package_identification:_identify(.) by extensions ['ros']
[0.167s] Level 1:colcon.colcon_core.package_identification:_identify(.) by extension 'ros'
[0.199s] Level 1:colcon.colcon_core.package_identification:_identify(.) by extensions ['cmake', 'python']
[0.199s] Level 1:colcon.colcon_core.package_identification:_identify(.) by extension 'cmake'
[0.199s] Level 1:colcon.colcon_core.package_identification:_identify(.) by extension 'python'
[0.199s] Level 1:colcon.colcon_core.package_identification:_identify(.) by extensions ['python_setup_py']
[0.199s] Level 1:colcon.colcon_core.package_identification:_identify(.) by extension 'python_setup_py'
[0.199s] Level 1:colcon.colcon_core.package_identification:_identify(build) by extensions ['ignore', 'ignore_ament_install']
[0.200s] Level 1:colcon.colcon_core.package_identification:_identify(build) by extension 'ignore'
[0.200s] Level 1:colcon.colcon_core.package_identification:_identify(build) ignored
[0.200s] Level 1:colcon.colcon_core.package_identification:_identify(install) by extensions ['ignore', 'ignore_ament_install']
[0.200s] Level 1:colcon.colcon_core.package_identification:_identify(install) by extension 'ignore'
[0.200s] Level 1:colcon.colcon_core.package_identification:_identify(install) ignored
[0.200s] Level 1:colcon.colcon_core.package_identification:_identify(log) by extensions ['ignore', 'ignore_ament_install']
[0.200s] Level 1:colcon.colcon_core.package_identification:_identify(log) by extension 'ignore'
[0.200s] Level 1:colcon.colcon_core.package_identification:_identify(log) ignored
[0.200s] Level 1:colcon.colcon_core.package_identification:_identify(src) by extensions ['ignore', 'ignore_ament_install']
[0.200s] Level 1:colcon.colcon_core.package_identification:_identify(src) by extension 'ignore'
[0.200s] Level 1:colcon.colcon_core.package_identification:_identify(src) by extension 'ignore_ament_install'
[0.200s] Level 1:colcon.colcon_core.package_identification:_identify(src) by extensions ['colcon_pkg']
[0.200s] Level 1:colcon.colcon_core.package_identification:_identify(src) by extension 'colcon_pkg'
[0.200s] Level 1:colcon.colcon_core.package_identification:_identify(src) by extensions ['colcon_meta']
[0.200s] Level 1:colcon.colcon_core.package_identification:_identify(src) by extension 'colcon_meta'
[0.201s] Level 1:colcon.colcon_core.package_identification:_identify(src) by extensions ['ros']
[0.201s] Level 1:colcon.colcon_core.package_identification:_identify(src) by extension 'ros'
[0.201s] Level 1:colcon.colcon_core.package_identification:_identify(src) by extensions ['cmake', 'python']
[0.201s] Level 1:colcon.colcon_core.package_identification:_identify(src) by extension 'cmake'
[0.201s] Level 1:colcon.colcon_core.package_identification:_identify(src) by extension 'python'
[0.201s] Level 1:colcon.colcon_core.package_identification:_identify(src) by extensions ['python_setup_py']
[0.201s] Level 1:colcon.colcon_core.package_identification:_identify(src) by extension 'python_setup_py'
[0.201s] Level 1:colcon.colcon_core.package_identification:_identify(src/calculator_client) by extensions ['ignore', 'ignore_ament_install']
[0.201s] Level 1:colcon.colcon_core.package_identification:_identify(src/calculator_client) by extension 'ignore'
[0.201s] Level 1:colcon.colcon_core.package_identification:_identify(src/calculator_client) by extension 'ignore_ament_install'
[0.201s] Level 1:colcon.colcon_core.package_identification:_identify(src/calculator_client) by extensions ['colcon_pkg']
[0.201s] Level 1:colcon.colcon_core.package_identification:_identify(src/calculator_client) by extension 'colcon_pkg'
[0.201s] Level 1:colcon.colcon_core.package_identification:_identify(src/calculator_client) by extensions ['colcon_meta']
[0.201s] Level 1:colcon.colcon_core.package_identification:_identify(src/calculator_client) by extension 'colcon_meta'
[0.201s] Level 1:colcon.colcon_core.package_identification:_identify(src/calculator_client) by extensions ['ros']
[0.201s] Level 1:colcon.colcon_core.package_identification:_identify(src/calculator_client) by extension 'ros'
[0.204s] DEBUG:colcon.colcon_core.package_identification:Package 'src/calculator_client' with type 'ros.ament_python' and name 'calculator_client'
[0.204s] Level 1:colcon.colcon_core.package_identification:_identify(src/calculator_interfaces) by extensions ['ignore', 'ignore_ament_install']
[0.204s] Level 1:colcon.colcon_core.package_identification:_identify(src/calculator_interfaces) by extension 'ignore'
[0.205s] Level 1:colcon.colcon_core.package_identification:_identify(src/calculator_interfaces) by extension 'ignore_ament_install'
[0.205s] Level 1:colcon.colcon_core.package_identification:_identify(src/calculator_interfaces) by extensions ['colcon_pkg']
[0.205s] Level 1:colcon.colcon_core.package_identification:_identify(src/calculator_interfaces) by extension 'colcon_pkg'
[0.205s] Level 1:colcon.colcon_core.package_identification:_identify(src/calculator_interfaces) by extensions ['colcon_meta']
[0.205s] Level 1:colcon.colcon_core.package_identification:_identify(src/calculator_interfaces) by extension 'colcon_meta'
[0.205s] Level 1:colcon.colcon_core.package_identification:_identify(src/calculator_interfaces) by extensions ['ros']
[0.205s] Level 1:colcon.colcon_core.package_identification:_identify(src/calculator_interfaces) by extension 'ros'
[0.205s] DEBUG:colcon.colcon_core.package_identification:Package 'src/calculator_interfaces' with type 'ros.catkin' and name 'calculator_interfaces'
[0.205s] Level 1:colcon.colcon_core.package_identification:_identify(src/calculator_server) by extensions ['ignore', 'ignore_ament_install']
[0.205s] Level 1:colcon.colcon_core.package_identification:_identify(src/calculator_server) by extension 'ignore'
[0.205s] Level 1:colcon.colcon_core.package_identification:_identify(src/calculator_server) by extension 'ignore_ament_install'
[0.206s] Level 1:colcon.colcon_core.package_identification:_identify(src/calculator_server) by extensions ['colcon_pkg']
[0.206s] Level 1:colcon.colcon_core.package_identification:_identify(src/calculator_server) by extension 'colcon_pkg'
[0.206s] Level 1:colcon.colcon_core.package_identification:_identify(src/calculator_server) by extensions ['colcon_meta']
[0.206s] Level 1:colcon.colcon_core.package_identification:_identify(src/calculator_server) by extension 'colcon_meta'
[0.206s] Level 1:colcon.colcon_core.package_identification:_identify(src/calculator_server) by extensions ['ros']
[0.206s] Level 1:colcon.colcon_core.package_identification:_identify(src/calculator_server) by extension 'ros'
[0.206s] DEBUG:colcon.colcon_core.package_identification:Package 'src/calculator_server' with type 'ros.ament_python' and name 'calculator_server'
[0.206s] Level 1:colcon.colcon_core.package_identification:_identify(src/sensor_data_pkg) by extensions ['ignore', 'ignore_ament_install']
[0.206s] Level 1:colcon.colcon_core.package_identification:_identify(src/sensor_data_pkg) by extension 'ignore'
[0.206s] Level 1:colcon.colcon_core.package_identification:_identify(src/sensor_data_pkg) by extension 'ignore_ament_install'
[0.206s] Level 1:colcon.colcon_core.package_identification:_identify(src/sensor_data_pkg) by extensions ['colcon_pkg']
[0.206s] Level 1:colcon.colcon_core.package_identification:_identify(src/sensor_data_pkg) by extension 'colcon_pkg'
[0.207s] Level 1:colcon.colcon_core.package_identification:_identify(src/sensor_data_pkg) by extensions ['colcon_meta']
[0.207s] Level 1:colcon.colcon_core.package_identification:_identify(src/sensor_data_pkg) by extension 'colcon_meta'
[0.207s] Level 1:colcon.colcon_core.package_identification:_identify(src/sensor_data_pkg) by extensions ['ros']
[0.207s] Level 1:colcon.colcon_core.package_identification:_identify(src/sensor_data_pkg) by extension 'ros'
[0.207s] DEBUG:colcon.colcon_core.package_identification:Package 'src/sensor_data_pkg' with type 'ros.ament_python' and name 'sensor_data_pkg'
[0.207s] Level 1:colcon.colcon_core.package_discovery:discover_packages(recursive) using defaults
[0.207s] Level 1:colcon.colcon_core.package_discovery:discover_packages(ignore) discover
[0.207s] Level 1:colcon.colcon_core.package_discovery:discover_packages(ignore) using defaults
[0.207s] Level 1:colcon.colcon_core.package_discovery:discover_packages(path) discover
[0.207s] Level 1:colcon.colcon_core.package_discovery:discover_packages(path) using defaults
[0.230s] INFO:colcon.colcon_core.package_selection:Skipping not selected package 'calculator_interfaces' in 'src/calculator_interfaces'
[0.230s] INFO:colcon.colcon_core.package_selection:Skipping not selected package 'sensor_data_pkg' in 'src/sensor_data_pkg'
[0.231s] Level 5:colcon.colcon_core.verb:set package 'calculator_client' build argument 'cmake_args' from command line to 'None'
[0.231s] Level 5:colcon.colcon_core.verb:set package 'calculator_client' build argument 'cmake_target' from command line to 'None'
[0.231s] Level 5:colcon.colcon_core.verb:set package 'calculator_client' build argument 'cmake_target_skip_unavailable' from command line to 'False'
[0.231s] Level 5:colcon.colcon_core.verb:set package 'calculator_client' build argument 'cmake_clean_cache' from command line to 'False'
[0.231s] Level 5:colcon.colcon_core.verb:set package 'calculator_client' build argument 'cmake_clean_first' from command line to 'False'
[0.231s] Level 5:colcon.colcon_core.verb:set package 'calculator_client' build argument 'cmake_force_configure' from command line to 'False'
[0.231s] Level 5:colcon.colcon_core.verb:set package 'calculator_client' build argument 'ament_cmake_args' from command line to 'None'
[0.231s] Level 5:colcon.colcon_core.verb:set package 'calculator_client' build argument 'catkin_cmake_args' from command line to 'None'
[0.231s] Level 5:colcon.colcon_core.verb:set package 'calculator_client' build argument 'catkin_skip_building_tests' from command line to 'False'
[0.231s] DEBUG:colcon.colcon_core.verb:Building package 'calculator_client' with the following arguments: {'ament_cmake_args': None, 'build_base': '/home/mnepraj/ros2_ws/build/calculator_client', 'catkin_cmake_args': None, 'catkin_skip_building_tests': False, 'cmake_args': None, 'cmake_clean_cache': False, 'cmake_clean_first': False, 'cmake_force_configure': False, 'cmake_target': None, 'cmake_target_skip_unavailable': False, 'install_base': '/home/mnepraj/ros2_ws/install/calculator_client', 'merge_install': False, 'path': '/home/mnepraj/ros2_ws/src/calculator_client', 'symlink_install': False, 'test_result_base': None}
[0.231s] Level 5:colcon.colcon_core.verb:set package 'calculator_server' build argument 'cmake_args' from command line to 'None'
[0.231s] Level 5:colcon.colcon_core.verb:set package 'calculator_server' build argument 'cmake_target' from command line to 'None'
[0.231s] Level 5:colcon.colcon_core.verb:set package 'calculator_server' build argument 'cmake_target_skip_unavailable' from command line to 'False'
[0.231s] Level 5:colcon.colcon_core.verb:set package 'calculator_server' build argument 'cmake_clean_cache' from command line to 'False'
[0.231s] Level 5:colcon.colcon_core.verb:set package 'calculator_server' build argument 'cmake_clean_first' from command line to 'False'
[0.231s] Level 5:colcon.colcon_core.verb:set package 'calculator_server' build argument 'cmake_force_configure' from command line to 'False'
[0.231s] Level 5:colcon.colcon_core.verb:set package 'calculator_server' build argument 'ament_cmake_args' from command line to 'None'
[0.231s] Level 5:colcon.colcon_core.verb:set package 'calculator_server' build argument 'catkin_cmake_args' from command line to 'None'
[0.231s] Level 5:colcon.colcon_core.verb:set package 'calculator_server' build argument 'catkin_skip_building_tests' from command line to 'False'
[0.231s] DEBUG:colcon.colcon_core.verb:Building package 'calculator_server' with the following arguments: {'ament_cmake_args': None, 'build_base': '/home/mnepraj/ros2_ws/build/calculator_server', 'catkin_cmake_args': None, 'catkin_skip_building_tests': False, 'cmake_args': None, 'cmake_clean_cache': False, 'cmake_clean_first': False, 'cmake_force_configure': False, 'cmake_target': None, 'cmake_target_skip_unavailable': False, 'install_base': '/home/mnepraj/ros2_ws/install/calculator_server', 'merge_install': False, 'path': '/home/mnepraj/ros2_ws/src/calculator_server', 'symlink_install': False, 'test_result_base': None}
[0.231s] INFO:colcon.colcon_core.executor:Executing jobs using 'parallel' executor
[0.233s] DEBUG:colcon.colcon_parallel_executor.executor.parallel:run_until_complete
[0.233s] INFO:colcon.colcon_ros.task.ament_python.build:Building ROS package in '/home/mnepraj/ros2_ws/src/calculator_client' with build type 'ament_python'
[0.233s] Level 1:colcon.colcon_core.shell:create_environment_hook('calculator_client', 'ament_prefix_path')
[0.236s] INFO:colcon.colcon_core.plugin_system:Skipping extension 'colcon_core.shell.bat': Not used on non-Windows systems
[0.236s] INFO:colcon.colcon_core.shell:Creating environment descriptor '/home/mnepraj/ros2_ws/install/calculator_client/share/calculator_client/hook/ament_prefix_path.dsv'
[0.237s] INFO:colcon.colcon_core.shell:Creating environment hook '/home/mnepraj/ros2_ws/install/calculator_client/share/calculator_client/hook/ament_prefix_path.sh'
[0.237s] DEBUG:colcon.colcon_core.shell:Skip shell extension 'dsv' for command environment
[0.239s] WARNING:colcon.colcon_ros.prefix_path.ament:The path '/home/mnepraj/ros2_ws/install/calculator_server' in the environment variable AMENT_PREFIX_PATH doesn't exist
[0.239s] WARNING:colcon.colcon_ros.prefix_path.ament:The path '/home/mnepraj/ros2_ws/install/sensor_data_pkg' in the environment variable AMENT_PREFIX_PATH doesn't exist
[0.243s] INFO:colcon.colcon_ros.task.ament_python.build:Building ROS package in '/home/mnepraj/ros2_ws/src/calculator_server' with build type 'ament_python'
[0.243s] Level 1:colcon.colcon_core.shell:create_environment_hook('calculator_server', 'ament_prefix_path')
[0.244s] INFO:colcon.colcon_core.shell:Creating environment descriptor '/home/mnepraj/ros2_ws/install/calculator_server/share/calculator_server/hook/ament_prefix_path.dsv'
[0.244s] INFO:colcon.colcon_core.shell:Creating environment hook '/home/mnepraj/ros2_ws/install/calculator_server/share/calculator_server/hook/ament_prefix_path.sh'
[0.245s] DEBUG:colcon.colcon_core.shell:Skip shell extension 'dsv' for command environment
[0.507s] INFO:colcon.colcon_core.task.python.build:Building Python package in '/home/mnepraj/ros2_ws/src/calculator_client'
[0.507s] DEBUG:colcon.colcon_core.shell:Skip shell extension 'dsv' for command environment
[0.772s] INFO:colcon.colcon_core.task.python.build:Building Python package in '/home/mnepraj/ros2_ws/src/calculator_server'
[0.772s] DEBUG:colcon.colcon_core.shell:Skip shell extension 'dsv' for command environment
[1.397s] DEBUG:colcon.colcon_core.event_handler.log_command:Invoking command in '/home/mnepraj/ros2_ws/src/calculator_client': CMAKE_PREFIX_PATH=/home/mnepraj/ros2_ws/install/calculator_interfaces:${CMAKE_PREFIX_PATH} DEBUGINFOD_URLS=https://debuginfod.ubuntu.com LD_LIBRARY_PATH=/home/mnepraj/ros2_ws/install/calculator_interfaces/lib:${LD_LIBRARY_PATH} PKG_CONFIG_PATH=/home/mnepraj/ros2_ws/install/calculator_interfaces/lib/x86_64-linux-gnu/pkgconfig:/home/mnepraj/ros2_ws/install/calculator_interfaces/lib/pkgconfig PYTHONPATH=/home/mnepraj/ros2_ws/build/calculator_client/prefix_override:/home/mnepraj/ros2_ws/install/calculator_client/lib/python3.12/site-packages:/home/mnepraj/ros2_ws/install/calculator_interfaces/lib/python3.12/site-packages:/home/mnepraj/ros2_ws/install/calculator_server/lib/python3.12/site-packages:/home/mnepraj/ros2_ws/install/calculator_client/lib/python3.12/site-packages:/home/mnepraj/ros2_ws/install/sensor_data_pkg/lib/python3.12/site-packages:/opt/ros/jazzy/lib/python3.12/site-packages ROS_PACKAGE_PATH=/home/mnepraj/ros2_ws/install/calculator_interfaces/share /usr/bin/python3 -W ignore:setup.py install is deprecated setup.py egg_info --egg-base ../../build/calculator_client build --build-base /home/mnepraj/ros2_ws/build/calculator_client/build install --record /home/mnepraj/ros2_ws/build/calculator_client/install.log --single-version-externally-managed install_data
[1.417s] DEBUG:colcon.colcon_core.event_handler.log_command:Invoking command in '/home/mnepraj/ros2_ws/src/calculator_server': CMAKE_PREFIX_PATH=/home/mnepraj/ros2_ws/install/calculator_interfaces:${CMAKE_PREFIX_PATH} DEBUGINFOD_URLS=https://debuginfod.ubuntu.com LD_LIBRARY_PATH=/home/mnepraj/ros2_ws/install/calculator_interfaces/lib:${LD_LIBRARY_PATH} PKG_CONFIG_PATH=/home/mnepraj/ros2_ws/install/calculator_interfaces/lib/x86_64-linux-gnu/pkgconfig:/home/mnepraj/ros2_ws/install/calculator_interfaces/lib/pkgconfig PYTHONPATH=/home/mnepraj/ros2_ws/build/calculator_server/prefix_override:/home/mnepraj/ros2_ws/install/calculator_server/lib/python3.12/site-packages:/home/mnepraj/ros2_ws/install/calculator_interfaces/lib/python3.12/site-packages:/home/mnepraj/ros2_ws/install/calculator_server/lib/python3.12/site-packages:/home/mnepraj/ros2_ws/install/calculator_client/lib/python3.12/site-packages:/home/mnepraj/ros2_ws/install/sensor_data_pkg/lib/python3.12/site-packages:/opt/ros/jazzy/lib/python3.12/site-packages ROS_PACKAGE_PATH=/home/mnepraj/ros2_ws/install/calculator_interfaces/share /usr/bin/python3 -W ignore:setup.py install is deprecated setup.py egg_info --egg-base ../../build/calculator_server build --build-base /home/mnepraj/ros2_ws/build/calculator_server/build install --record /home/mnepraj/ros2_ws/build/calculator_server/install.log --single-version-externally-managed install_data
[1.972s] DEBUG:colcon.colcon_core.event_handler.log_command:Invoked command in '/home/mnepraj/ros2_ws/src/calculator_client' returned '0': CMAKE_PREFIX_PATH=/home/mnepraj/ros2_ws/install/calculator_interfaces:${CMAKE_PREFIX_PATH} DEBUGINFOD_URLS=https://debuginfod.ubuntu.com LD_LIBRARY_PATH=/home/mnepraj/ros2_ws/install/calculator_interfaces/lib:${LD_LIBRARY_PATH} PKG_CONFIG_PATH=/home/mnepraj/ros2_ws/install/calculator_interfaces/lib/x86_64-linux-gnu/pkgconfig:/home/mnepraj/ros2_ws/install/calculator_interfaces/lib/pkgconfig PYTHONPATH=/home/mnepraj/ros2_ws/build/calculator_client/prefix_override:/home/mnepraj/ros2_ws/install/calculator_client/lib/python3.12/site-packages:/home/mnepraj/ros2_ws/install/calculator_interfaces/lib/python3.12/site-packages:/home/mnepraj/ros2_ws/install/calculator_server/lib/python3.12/site-packages:/home/mnepraj/ros2_ws/install/calculator_client/lib/python3.12/site-packages:/home/mnepraj/ros2_ws/install/sensor_data_pkg/lib/python3.12/site-packages:/opt/ros/jazzy/lib/python3.12/site-packages ROS_PACKAGE_PATH=/home/mnepraj/ros2_ws/install/calculator_interfaces/share /usr/bin/python3 -W ignore:setup.py install is deprecated setup.py egg_info --egg-base ../../build/calculator_client build --build-base /home/mnepraj/ros2_ws/build/calculator_client/build install --record /home/mnepraj/ros2_ws/build/calculator_client/install.log --single-version-externally-managed install_data
[1.979s] Level 1:colcon.colcon_core.environment:checking '/home/mnepraj/ros2_ws/install/calculator_client' for CMake module files
[1.980s] Level 1:colcon.colcon_core.environment:checking '/home/mnepraj/ros2_ws/install/calculator_client' for CMake config files
[1.981s] Level 1:colcon.colcon_core.environment:checking '/home/mnepraj/ros2_ws/install/calculator_client/lib'
[1.982s] Level 1:colcon.colcon_core.environment:checking '/home/mnepraj/ros2_ws/install/calculator_client/bin'
[1.982s] Level 1:colcon.colcon_core.environment:checking '/home/mnepraj/ros2_ws/install/calculator_client/lib/pkgconfig/calculator_client.pc'
[1.983s] Level 1:colcon.colcon_core.environment:checking '/home/mnepraj/ros2_ws/install/calculator_client/lib/python3.12/site-packages'
[1.983s] Level 1:colcon.colcon_core.shell:create_environment_hook('calculator_client', 'pythonpath')
[1.983s] INFO:colcon.colcon_core.shell:Creating environment descriptor '/home/mnepraj/ros2_ws/install/calculator_client/share/calculator_client/hook/pythonpath.dsv'
[1.984s] INFO:colcon.colcon_core.shell:Creating environment hook '/home/mnepraj/ros2_ws/install/calculator_client/share/calculator_client/hook/pythonpath.sh'
[1.985s] Level 1:colcon.colcon_core.environment:checking '/home/mnepraj/ros2_ws/install/calculator_client/bin'
[1.985s] Level 1:colcon.colcon_core.environment:create_environment_scripts_only(calculator_client)
[1.986s] INFO:colcon.colcon_core.shell:Creating package descriptor '/home/mnepraj/ros2_ws/install/calculator_client/share/calculator_client/package.dsv'
[1.987s] INFO:colcon.colcon_core.shell:Creating package script '/home/mnepraj/ros2_ws/install/calculator_client/share/calculator_client/package.sh'
[1.988s] INFO:colcon.colcon_core.shell:Creating package script '/home/mnepraj/ros2_ws/install/calculator_client/share/calculator_client/package.bash'
[1.989s] INFO:colcon.colcon_core.shell:Creating package script '/home/mnepraj/ros2_ws/install/calculator_client/share/calculator_client/package.zsh'
[1.990s] Level 1:colcon.colcon_core.environment:create_file_with_runtime_dependencies(/home/mnepraj/ros2_ws/install/calculator_client/share/colcon-core/packages/calculator_client)
[1.993s] Level 1:colcon.colcon_core.environment:checking '/home/mnepraj/ros2_ws/install/calculator_server' for CMake module files
[1.995s] DEBUG:colcon.colcon_core.event_handler.log_command:Invoked command in '/home/mnepraj/ros2_ws/src/calculator_server' returned '0': CMAKE_PREFIX_PATH=/home/mnepraj/ros2_ws/install/calculator_interfaces:${CMAKE_PREFIX_PATH} DEBUGINFOD_URLS=https://debuginfod.ubuntu.com LD_LIBRARY_PATH=/home/mnepraj/ros2_ws/install/calculator_interfaces/lib:${LD_LIBRARY_PATH} PKG_CONFIG_PATH=/home/mnepraj/ros2_ws/install/calculator_interfaces/lib/x86_64-linux-gnu/pkgconfig:/home/mnepraj/ros2_ws/install/calculator_interfaces/lib/pkgconfig PYTHONPATH=/home/mnepraj/ros2_ws/build/calculator_server/prefix_override:/home/mnepraj/ros2_ws/install/calculator_server/lib/python3.12/site-packages:/home/mnepraj/ros2_ws/install/calculator_interfaces/lib/python3.12/site-packages:/home/mnepraj/ros2_ws/install/calculator_server/lib/python3.12/site-packages:/home/mnepraj/ros2_ws/install/calculator_client/lib/python3.12/site-packages:/home/mnepraj/ros2_ws/install/sensor_data_pkg/lib/python3.12/site-packages:/opt/ros/jazzy/lib/python3.12/site-packages ROS_PACKAGE_PATH=/home/mnepraj/ros2_ws/install/calculator_interfaces/share /usr/bin/python3 -W ignore:setup.py install is deprecated setup.py egg_info --egg-base ../../build/calculator_server build --build-base /home/mnepraj/ros2_ws/build/calculator_server/build install --record /home/mnepraj/ros2_ws/build/calculator_server/install.log --single-version-externally-managed install_data
[1.996s] Level 1:colcon.colcon_core.environment:checking '/home/mnepraj/ros2_ws/install/calculator_server' for CMake config files
[1.997s] Level 1:colcon.colcon_core.environment:checking '/home/mnepraj/ros2_ws/install/calculator_server/lib'
[1.998s] Level 1:colcon.colcon_core.environment:checking '/home/mnepraj/ros2_ws/install/calculator_server/bin'
[1.998s] Level 1:colcon.colcon_core.environment:checking '/home/mnepraj/ros2_ws/install/calculator_server/lib/pkgconfig/calculator_server.pc'
[1.998s] Level 1:colcon.colcon_core.environment:checking '/home/mnepraj/ros2_ws/install/calculator_server/lib/python3.12/site-packages'
[1.999s] Level 1:colcon.colcon_core.shell:create_environment_hook('calculator_server', 'pythonpath')
[1.999s] INFO:colcon.colcon_core.shell:Creating environment descriptor '/home/mnepraj/ros2_ws/install/calculator_server/share/calculator_server/hook/pythonpath.dsv'
[2.000s] INFO:colcon.colcon_core.shell:Creating environment hook '/home/mnepraj/ros2_ws/install/calculator_server/share/calculator_server/hook/pythonpath.sh'
[2.002s] Level 1:colcon.colcon_core.environment:checking '/home/mnepraj/ros2_ws/install/calculator_server/bin'
[2.002s] Level 1:colcon.colcon_core.environment:create_environment_scripts_only(calculator_server)
[2.002s] INFO:colcon.colcon_core.shell:Creating package descriptor '/home/mnepraj/ros2_ws/install/calculator_server/share/calculator_server/package.dsv'
[2.003s] INFO:colcon.colcon_core.shell:Creating package script '/home/mnepraj/ros2_ws/install/calculator_server/share/calculator_server/package.sh'
[2.003s] INFO:colcon.colcon_core.shell:Creating package script '/home/mnepraj/ros2_ws/install/calculator_server/share/calculator_server/package.bash'
[2.004s] INFO:colcon.colcon_core.shell:Creating package script '/home/mnepraj/ros2_ws/install/calculator_server/share/calculator_server/package.zsh'
[2.004s] Level 1:colcon.colcon_core.environment:create_file_with_runtime_dependencies(/home/mnepraj/ros2_ws/install/calculator_server/share/colcon-core/packages/calculator_server)
[2.005s] DEBUG:colcon.colcon_parallel_executor.executor.parallel:closing loop
[2.006s] DEBUG:colcon.colcon_parallel_executor.executor.parallel:loop closed
[2.006s] DEBUG:colcon.colcon_parallel_executor.executor.parallel:run_until_complete finished with '0'
[2.006s] DEBUG:colcon.colcon_core.event_reactor:joining thread
[2.016s] INFO:colcon.colcon_core.plugin_system:Skipping extension 'colcon_notification.desktop_notification.terminal_notifier': Not used on non-Darwin systems
[2.017s] INFO:colcon.colcon_core.plugin_system:Skipping extension 'colcon_notification.desktop_notification.win32': Not used on non-Windows systems
[2.017s] INFO:colcon.colcon_notification.desktop_notification:Sending desktop notification using 'notify2'
[2.046s] DEBUG:colcon.colcon_core.event_reactor:joined thread
[2.047s] INFO:colcon.colcon_core.shell:Creating prefix script '/home/mnepraj/ros2_ws/install/local_setup.sh'
[2.049s] INFO:colcon.colcon_core.shell:Creating prefix util module '/home/mnepraj/ros2_ws/install/_local_setup_util_sh.py'
[2.051s] INFO:colcon.colcon_core.shell:Creating prefix chain script '/home/mnepraj/ros2_ws/install/setup.sh'
[2.052s] INFO:colcon.colcon_core.shell:Creating prefix script '/home/mnepraj/ros2_ws/install/local_setup.bash'
[2.053s] INFO:colcon.colcon_core.shell:Creating prefix chain script '/home/mnepraj/ros2_ws/install/setup.bash'
[2.055s] INFO:colcon.colcon_core.shell:Creating prefix script '/home/mnepraj/ros2_ws/install/local_setup.zsh'
[2.056s] INFO:colcon.colcon_core.shell:Creating prefix chain script '/home/mnepraj/ros2_ws/install/setup.zsh'
